2025-03-29 14:07:06,589 - WARNING - Alert encountered for 37603106: Alert Text: 同一画面で一定時間が経過しましたため、まもなくログアウトされます。処理中の場合は、いずれかのボタンを押してください。[UNM013780I]
Message: unexpected alert open: {Alert text : 同一画面で一定時間が経過しましたため、まもなくログアウトされます。処理中の場合は、いずれかのボタンを押してください。[UNM013780I]}
  (Session info: chrome=134.0.6998.165)
Stacktrace:
#0 0x556ad6792ffa <unknown>
#1 0x556ad6251970 <unknown>
#2 0x556ad62f021e <unknown>
#3 0x556ad62c9063 <unknown>
#4 0x556ad6295328 <unknown>
#5 0x556ad6296491 <unknown>
#6 0x556ad675a42b <unknown>
#7 0x556ad675e2ec <unknown>
#8 0x556ad6741a22 <unknown>
#9 0x556ad675ee64 <unknown>
#10 0x556ad6725bef <unknown>
#11 0x556ad6781558 <unknown>
#12 0x556ad6781736 <unknown>
#13 0x556ad6791e76 <unknown>
#14 0x7f8700a9caa4 <unknown>
#15 0x7f8700b29c3c <unknown>

2025-03-29 14:10:47,603 - WARNING - Alert encountered for 37603106: Alert Text: 同一画面で一定時間が経過しましたため、まもなくログアウトされます。処理中の場合は、いずれかのボタンを押してください。[UNM013780I]
Message: unexpected alert open: {Alert text : 同一画面で一定時間が経過しましたため、まもなくログアウトされます。処理中の場合は、いずれかのボタンを押してください。[UNM013780I]}
  (Session info: chrome=134.0.6998.165)
Stacktrace:
#0 0x558c27248ffa <unknown>
#1 0x558c26d07970 <unknown>
#2 0x558c26da621e <unknown>
#3 0x558c26d7f063 <unknown>
#4 0x558c26d4b328 <unknown>
#5 0x558c26d4c491 <unknown>
#6 0x558c2721042b <unknown>
#7 0x558c272142ec <unknown>
#8 0x558c271f7a22 <unknown>
#9 0x558c27214e64 <unknown>
#10 0x558c271dbbef <unknown>
#11 0x558c27237558 <unknown>
#12 0x558c27237736 <unknown>
#13 0x558c27247e76 <unknown>
#14 0x7fcc1329caa4 <unknown>
#15 0x7fcc13329c3c <unknown>

2025-03-29 14:14:30,570 - WARNING - Alert encountered for 37603106: Alert Text: 同一画面で一定時間が経過しましたため、まもなくログアウトされます。処理中の場合は、いずれかのボタンを押してください。[UNM013780I]
Message: unexpected alert open: {Alert text : 同一画面で一定時間が経過しましたため、まもなくログアウトされます。処理中の場合は、いずれかのボタンを押してください。[UNM013780I]}
  (Session info: chrome=134.0.6998.165)
Stacktrace:
#0 0x557d9097dffa <unknown>
#1 0x557d9043c970 <unknown>
#2 0x557d904db21e <unknown>
#3 0x557d904b4063 <unknown>
#4 0x557d90480328 <unknown>
#5 0x557d90481491 <unknown>
#6 0x557d9094542b <unknown>
#7 0x557d909492ec <unknown>
#8 0x557d9092ca22 <unknown>
#9 0x557d90949e64 <unknown>
#10 0x557d90910bef <unknown>
#11 0x557d9096c558 <unknown>
#12 0x557d9096c736 <unknown>
#13 0x557d9097ce76 <unknown>
#14 0x7feebfa9caa4 <unknown>
#15 0x7feebfb29c3c <unknown>

2025-03-29 14:14:30,623 - WARNING - Failed to re-scrape 37603106 after 3 attempts
2025-03-29 14:17:57,676 - WARNING - Alert encountered for 26459021: Alert Text: 同一画面で一定時間が経過しましたため、まもなくログアウトされます。処理中の場合は、いずれかのボタンを押してください。[UNM013780I]
Message: unexpected alert open: {Alert text : 同一画面で一定時間が経過しましたため、まもなくログアウトされます。処理中の場合は、いずれかのボタンを押してください。[UNM013780I]}
  (Session info: chrome=134.0.6998.165)
Stacktrace:
#0 0x557947e54ffa <unknown>
#1 0x557947913970 <unknown>
#2 0x5579479b221e <unknown>
#3 0x55794798b063 <unknown>
#4 0x557947957328 <unknown>
#5 0x557947958491 <unknown>
#6 0x557947e1c42b <unknown>
#7 0x557947e202ec <unknown>
#8 0x557947e03a22 <unknown>
#9 0x557947e20e64 <unknown>
#10 0x557947de7bef <unknown>
#11 0x557947e43558 <unknown>
#12 0x557947e43736 <unknown>
#13 0x557947e53e76 <unknown>
#14 0x7f456949caa4 <unknown>
#15 0x7f4569529c3c <unknown>

2025-03-29 14:21:28,642 - WARNING - Alert encountered for 26459021: Alert Text: 同一画面で一定時間が経過しましたため、まもなくログアウトされます。処理中の場合は、いずれかのボタンを押してください。[UNM013780I]
Message: unexpected alert open: {Alert text : 同一画面で一定時間が経過しましたため、まもなくログアウトされます。処理中の場合は、いずれかのボタンを押してください。[UNM013780I]}
  (Session info: chrome=134.0.6998.165)
Stacktrace:
#0 0x55bfe9c0effa <unknown>
#1 0x55bfe96cd970 <unknown>
#2 0x55bfe976c21e <unknown>
#3 0x55bfe9745063 <unknown>
#4 0x55bfe9711328 <unknown>
#5 0x55bfe9712491 <unknown>
#6 0x55bfe9bd642b <unknown>
#7 0x55bfe9bda2ec <unknown>
#8 0x55bfe9bbda22 <unknown>
#9 0x55bfe9bdae64 <unknown>
#10 0x55bfe9ba1bef <unknown>
#11 0x55bfe9bfd558 <unknown>
#12 0x55bfe9bfd736 <unknown>
#13 0x55bfe9c0de76 <unknown>
#14 0x7f4d3209caa4 <unknown>
#15 0x7f4d32129c3c <unknown>

2025-03-29 14:25:02,111 - WARNING - Alert encountered for 26459021: Alert Text: 同一画面で一定時間が経過しましたため、まもなくログアウトされます。処理中の場合は、いずれかのボタンを押してください。[UNM013780I]
Message: unexpected alert open: {Alert text : 同一画面で一定時間が経過しましたため、まもなくログアウトされます。処理中の場合は、いずれかのボタンを押してください。[UNM013780I]}
  (Session info: chrome=134.0.6998.165)
Stacktrace:
#0 0x563414b02ffa <unknown>
#1 0x5634145c1970 <unknown>
#2 0x56341466021e <unknown>
#3 0x563414639063 <unknown>
#4 0x563414605328 <unknown>
#5 0x563414606491 <unknown>
#6 0x563414aca42b <unknown>
#7 0x563414ace2ec <unknown>
#8 0x563414ab1a22 <unknown>
#9 0x563414acee64 <unknown>
#10 0x563414a95bef <unknown>
#11 0x563414af1558 <unknown>
#12 0x563414af1736 <unknown>
#13 0x563414b01e76 <unknown>
#14 0x7f966649caa4 <unknown>
#15 0x7f9666529c3c <unknown>

2025-03-29 14:25:02,164 - WARNING - Failed to re-scrape 26459021 after 3 attempts
2025-03-29 14:28:29,646 - WARNING - Alert encountered for 26411801: Alert Text: 同一画面で一定時間が経過しましたため、まもなくログアウトされます。処理中の場合は、いずれかのボタンを押してください。[UNM013780I]
Message: unexpected alert open: {Alert text : 同一画面で一定時間が経過しましたため、まもなくログアウトされます。処理中の場合は、いずれかのボタンを押してください。[UNM013780I]}
  (Session info: chrome=134.0.6998.165)
Stacktrace:
#0 0x561e7603fffa <unknown>
#1 0x561e75afe970 <unknown>
#2 0x561e75b9d21e <unknown>
#3 0x561e75b76063 <unknown>
#4 0x561e75b42328 <unknown>
#5 0x561e75b43491 <unknown>
#6 0x561e7600742b <unknown>
#7 0x561e7600b2ec <unknown>
#8 0x561e75feea22 <unknown>
#9 0x561e7600be64 <unknown>
#10 0x561e75fd2bef <unknown>
#11 0x561e7602e558 <unknown>
#12 0x561e7602e736 <unknown>
#13 0x561e7603ee76 <unknown>
#14 0x7f6dc469caa4 <unknown>
#15 0x7f6dc4729c3c <unknown>

2025-03-29 14:32:01,296 - WARNING - Alert encountered for 26411801: Alert Text: 同一画面で一定時間が経過しましたため、まもなくログアウトされます。処理中の場合は、いずれかのボタンを押してください。[UNM013780I]
Message: unexpected alert open: {Alert text : 同一画面で一定時間が経過しましたため、まもなくログアウトされます。処理中の場合は、いずれかのボタンを押してください。[UNM013780I]}
  (Session info: chrome=134.0.6998.165)
Stacktrace:
#0 0x562a7fc3cffa <unknown>
#1 0x562a7f6fb970 <unknown>
#2 0x562a7f79a21e <unknown>
#3 0x562a7f773063 <unknown>
#4 0x562a7f73f328 <unknown>
#5 0x562a7f740491 <unknown>
#6 0x562a7fc0442b <unknown>
#7 0x562a7fc082ec <unknown>
#8 0x562a7fbeba22 <unknown>
#9 0x562a7fc08e64 <unknown>
#10 0x562a7fbcfbef <unknown>
#11 0x562a7fc2b558 <unknown>
#12 0x562a7fc2b736 <unknown>
#13 0x562a7fc3be76 <unknown>
#14 0x7f8a7fa9caa4 <unknown>
#15 0x7f8a7fb29c3c <unknown>

2025-03-29 14:35:33,962 - WARNING - Alert encountered for 26411801: Alert Text: 同一画面で一定時間が経過しましたため、まもなくログアウトされます。処理中の場合は、いずれかのボタンを押してください。[UNM013780I]
Message: unexpected alert open: {Alert text : 同一画面で一定時間が経過しましたため、まもなくログアウトされます。処理中の場合は、いずれかのボタンを押してください。[UNM013780I]}
  (Session info: chrome=134.0.6998.165)
Stacktrace:
#0 0x56498a6c5ffa <unknown>
#1 0x56498a184970 <unknown>
#2 0x56498a22321e <unknown>
#3 0x56498a1fc063 <unknown>
#4 0x56498a1c8328 <unknown>
#5 0x56498a1c9491 <unknown>
#6 0x56498a68d42b <unknown>
#7 0x56498a6912ec <unknown>
#8 0x56498a674a22 <unknown>
#9 0x56498a691e64 <unknown>
#10 0x56498a658bef <unknown>
#11 0x56498a6b4558 <unknown>
#12 0x56498a6b4736 <unknown>
#13 0x56498a6c4e76 <unknown>
#14 0x7f2b0aa9caa4 <unknown>
#15 0x7f2b0ab29c3c <unknown>

2025-03-29 14:35:34,015 - WARNING - Failed to re-scrape 26411801 after 3 attempts
2025-03-29 14:38:51,854 - WARNING - Failed to re-scrape 25050119 after 3 attempts
2025-03-29 14:42:18,712 - WARNING - Alert encountered for 26459004: Alert Text: 同一画面で一定時間が経過しましたため、まもなくログアウトされます。処理中の場合は、いずれかのボタンを押してください。[UNM013780I]
Message: unexpected alert open: {Alert text : 同一画面で一定時間が経過しましたため、まもなくログアウトされます。処理中の場合は、いずれかのボタンを押してください。[UNM013780I]}
  (Session info: chrome=134.0.6998.165)
Stacktrace:
#0 0x561e35126ffa <unknown>
#1 0x561e34be5970 <unknown>
#2 0x561e34c8421e <unknown>
#3 0x561e34c5d063 <unknown>
#4 0x561e34c29328 <unknown>
#5 0x561e34c2a491 <unknown>
#6 0x561e350ee42b <unknown>
#7 0x561e350f22ec <unknown>
#8 0x561e350d5a22 <unknown>
#9 0x561e350f2e64 <unknown>
#10 0x561e350b9bef <unknown>
#11 0x561e35115558 <unknown>
#12 0x561e35115736 <unknown>
#13 0x561e35125e76 <unknown>
#14 0x7f746ba9caa4 <unknown>
#15 0x7f746bb29c3c <unknown>

2025-03-29 14:45:49,573 - WARNING - Alert encountered for 26459004: Alert Text: 同一画面で一定時間が経過しましたため、まもなくログアウトされます。処理中の場合は、いずれかのボタンを押してください。[UNM013780I]
Message: unexpected alert open: {Alert text : 同一画面で一定時間が経過しましたため、まもなくログアウトされます。処理中の場合は、いずれかのボタンを押してください。[UNM013780I]}
  (Session info: chrome=134.0.6998.165)
Stacktrace:
#0 0x55eb96027ffa <unknown>
#1 0x55eb95ae6970 <unknown>
#2 0x55eb95b8521e <unknown>
#3 0x55eb95b5e063 <unknown>
#4 0x55eb95b2a328 <unknown>
#5 0x55eb95b2b491 <unknown>
#6 0x55eb95fef42b <unknown>
#7 0x55eb95ff32ec <unknown>
#8 0x55eb95fd6a22 <unknown>
#9 0x55eb95ff3e64 <unknown>
#10 0x55eb95fbabef <unknown>
#11 0x55eb96016558 <unknown>
#12 0x55eb96016736 <unknown>
#13 0x55eb96026e76 <unknown>
#14 0x7f7e0489caa4 <unknown>
#15 0x7f7e04929c3c <unknown>

2025-03-29 14:49:21,386 - ERROR - Error for 26459004: 'NoneType' object has no attribute 'click'
2025-03-29 14:49:21,439 - WARNING - Failed to re-scrape 26459004 after 3 attempts
2025-03-29 14:53:00,547 - WARNING - Alert encountered for 37603107: Alert Text: 同一画面で一定時間が経過しましたため、まもなくログアウトされます。処理中の場合は、いずれかのボタンを押してください。[UNM013780I]
Message: unexpected alert open: {Alert text : 同一画面で一定時間が経過しましたため、まもなくログアウトされます。処理中の場合は、いずれかのボタンを押してください。[UNM013780I]}
  (Session info: chrome=134.0.6998.165)
Stacktrace:
#0 0x5580a3973ffa <unknown>
#1 0x5580a3432970 <unknown>
#2 0x5580a34d121e <unknown>
#3 0x5580a34aa063 <unknown>
#4 0x5580a3476328 <unknown>
#5 0x5580a3477491 <unknown>
#6 0x5580a393b42b <unknown>
#7 0x5580a393f2ec <unknown>
#8 0x5580a3922a22 <unknown>
#9 0x5580a393fe64 <unknown>
#10 0x5580a3906bef <unknown>
#11 0x5580a3962558 <unknown>
#12 0x5580a3962736 <unknown>
#13 0x5580a3972e76 <unknown>
#14 0x7fdb4449caa4 <unknown>
#15 0x7fdb44529c3c <unknown>

2025-03-29 14:56:43,303 - WARNING - Alert encountered for 37603107: Alert Text: 同一画面で一定時間が経過しましたため、まもなくログアウトされます。処理中の場合は、いずれかのボタンを押してください。[UNM013780I]
Message: unexpected alert open: {Alert text : 同一画面で一定時間が経過しましたため、まもなくログアウトされます。処理中の場合は、いずれかのボタンを押してください。[UNM013780I]}
  (Session info: chrome=134.0.6998.165)
Stacktrace:
#0 0x55d32cfd8ffa <unknown>
#1 0x55d32ca97970 <unknown>
#2 0x55d32cb3621e <unknown>
#3 0x55d32cb0f063 <unknown>
#4 0x55d32cadb328 <unknown>
#5 0x55d32cadc491 <unknown>
#6 0x55d32cfa042b <unknown>
#7 0x55d32cfa42ec <unknown>
#8 0x55d32cf87a22 <unknown>
#9 0x55d32cfa4e64 <unknown>
#10 0x55d32cf6bbef <unknown>
#11 0x55d32cfc7558 <unknown>
#12 0x55d32cfc7736 <unknown>
#13 0x55d32cfd7e76 <unknown>
#14 0x7fa55049caa4 <unknown>
#15 0x7fa550529c3c <unknown>

2025-03-29 15:00:26,777 - WARNING - Alert encountered for 37603107: Alert Text: 同一画面で一定時間が経過しましたため、まもなくログアウトされます。処理中の場合は、いずれかのボタンを押してください。[UNM013780I]
Message: unexpected alert open: {Alert text : 同一画面で一定時間が経過しましたため、まもなくログアウトされます。処理中の場合は、いずれかのボタンを押してください。[UNM013780I]}
  (Session info: chrome=134.0.6998.165)
Stacktrace:
#0 0x560f245b8ffa <unknown>
#1 0x560f24077970 <unknown>
#2 0x560f240860d1 <unknown>
#3 0x560f2408c4cb <unknown>
#4 0x560f2405d890 <unknown>
#5 0x560f240855c5 <unknown>
#6 0x560f241155e3 <unknown>
#7 0x560f240ef063 <unknown>
#8 0x560f240bb328 <unknown>
#9 0x560f240bc491 <unknown>
#10 0x560f2458042b <unknown>
#11 0x560f245842ec <unknown>
#12 0x560f24567a22 <unknown>
#13 0x560f24584e64 <unknown>
#14 0x560f2454bbef <unknown>
#15 0x560f245a7558 <unknown>
#16 0x560f245a7736 <unknown>
#17 0x560f245b7e76 <unknown>
#18 0x7fe8a1e9caa4 <unknown>
#19 0x7fe8a1f29c3c <unknown>

2025-03-29 15:00:26,830 - WARNING - Failed to re-scrape 37603107 after 3 attempts
2025-03-29 15:03:50,259 - ERROR - Error for 29657006: 'NoneType' object has no attribute 'click'
2025-03-29 15:07:19,235 - WARNING - Alert encountered for 29657006: Alert Text: 同一画面で一定時間が経過しましたため、まもなくログアウトされます。処理中の場合は、いずれかのボタンを押してください。[UNM013780I]
Message: unexpected alert open: {Alert text : 同一画面で一定時間が経過しましたため、まもなくログアウトされます。処理中の場合は、いずれかのボタンを押してください。[UNM013780I]}
  (Session info: chrome=134.0.6998.165)
Stacktrace:
#0 0x55a1c4ffeffa <unknown>
#1 0x55a1c4abd970 <unknown>
#2 0x55a1c4b5c21e <unknown>
#3 0x55a1c4b35063 <unknown>
#4 0x55a1c4b01328 <unknown>
#5 0x55a1c4b02491 <unknown>
#6 0x55a1c4fc642b <unknown>
#7 0x55a1c4fca2ec <unknown>
#8 0x55a1c4fada22 <unknown>
#9 0x55a1c4fcae64 <unknown>
#10 0x55a1c4f91bef <unknown>
#11 0x55a1c4fed558 <unknown>
#12 0x55a1c4fed736 <unknown>
#13 0x55a1c4ffde76 <unknown>
#14 0x7fd473e9caa4 <unknown>
#15 0x7fd473f29c3c <unknown>

2025-03-29 15:10:47,009 - WARNING - Alert encountered for 29657006: Alert Text: 同一画面で一定時間が経過しましたため、まもなくログアウトされます。処理中の場合は、いずれかのボタンを押してください。[UNM013780I]
Message: unexpected alert open: {Alert text : 同一画面で一定時間が経過しましたため、まもなくログアウトされます。処理中の場合は、いずれかのボタンを押してください。[UNM013780I]}
  (Session info: chrome=134.0.6998.165)
Stacktrace:
#0 0x55f2e0460ffa <unknown>
#1 0x55f2dff1f970 <unknown>
#2 0x55f2dffbe21e <unknown>
#3 0x55f2dff97063 <unknown>
#4 0x55f2dff63328 <unknown>
#5 0x55f2dff64491 <unknown>
#6 0x55f2e042842b <unknown>
#7 0x55f2e042c2ec <unknown>
#8 0x55f2e040fa22 <unknown>
#9 0x55f2e042ce64 <unknown>
#10 0x55f2e03f3bef <unknown>
#11 0x55f2e044f558 <unknown>
#12 0x55f2e044f736 <unknown>
#13 0x55f2e045fe76 <unknown>
#14 0x7fc744c9caa4 <unknown>
#15 0x7fc744d29c3c <unknown>

2025-03-29 15:10:47,062 - WARNING - Failed to re-scrape 29657006 after 3 attempts
2025-03-29 15:14:24,652 - WARNING - Alert encountered for 37602613: Alert Text: 同一画面で一定時間が経過しましたため、まもなくログアウトされます。処理中の場合は、いずれかのボタンを押してください。[UNM013780I]
Message: unexpected alert open: {Alert text : 同一画面で一定時間が経過しましたため、まもなくログアウトされます。処理中の場合は、いずれかのボタンを押してください。[UNM013780I]}
  (Session info: chrome=134.0.6998.165)
Stacktrace:
#0 0x55c786e30ffa <unknown>
#1 0x55c7868ef970 <unknown>
#2 0x55c78698e21e <unknown>
#3 0x55c786967063 <unknown>
#4 0x55c786933328 <unknown>
#5 0x55c786934491 <unknown>
#6 0x55c786df842b <unknown>
#7 0x55c786dfc2ec <unknown>
#8 0x55c786ddfa22 <unknown>
#9 0x55c786dfce64 <unknown>
#10 0x55c786dc3bef <unknown>
#11 0x55c786e1f558 <unknown>
#12 0x55c786e1f736 <unknown>
#13 0x55c786e2fe76 <unknown>
#14 0x7f62eae9caa4 <unknown>
#15 0x7f62eaf29c3c <unknown>

2025-03-29 15:18:06,492 - WARNING - Alert encountered for 37602613: Alert Text: 同一画面で一定時間が経過しましたため、まもなくログアウトされます。処理中の場合は、いずれかのボタンを押してください。[UNM013780I]
Message: unexpected alert open: {Alert text : 同一画面で一定時間が経過しましたため、まもなくログアウトされます。処理中の場合は、いずれかのボタンを押してください。[UNM013780I]}
  (Session info: chrome=134.0.6998.165)
Stacktrace:
#0 0x563ce50a0ffa <unknown>
#1 0x563ce4b5f970 <unknown>
#2 0x563ce4bfe21e <unknown>
#3 0x563ce4bd7063 <unknown>
#4 0x563ce4ba3328 <unknown>
#5 0x563ce4ba4491 <unknown>
#6 0x563ce506842b <unknown>
#7 0x563ce506c2ec <unknown>
#8 0x563ce504fa22 <unknown>
#9 0x563ce506ce64 <unknown>
#10 0x563ce5033bef <unknown>
#11 0x563ce508f558 <unknown>
#12 0x563ce508f736 <unknown>
#13 0x563ce509fe76 <unknown>
#14 0x7f705609caa4 <unknown>
#15 0x7f7056129c3c <unknown>

2025-03-29 15:21:49,725 - WARNING - Alert encountered for 37602613: Alert Text: 同一画面で一定時間が経過しましたため、まもなくログアウトされます。処理中の場合は、いずれかのボタンを押してください。[UNM013780I]
Message: unexpected alert open: {Alert text : 同一画面で一定時間が経過しましたため、まもなくログアウトされます。処理中の場合は、いずれかのボタンを押してください。[UNM013780I]}
  (Session info: chrome=134.0.6998.165)
Stacktrace:
#0 0x55e3d00bfffa <unknown>
#1 0x55e3cfb7e970 <unknown>
#2 0x55e3cfc1d21e <unknown>
#3 0x55e3cfbf6063 <unknown>
#4 0x55e3cfbc2328 <unknown>
#5 0x55e3cfbc3491 <unknown>
#6 0x55e3d008742b <unknown>
#7 0x55e3d008b2ec <unknown>
#8 0x55e3d006ea22 <unknown>
#9 0x55e3d008be64 <unknown>
#10 0x55e3d0052bef <unknown>
#11 0x55e3d00ae558 <unknown>
#12 0x55e3d00ae736 <unknown>
#13 0x55e3d00bee76 <unknown>
#14 0x7f87e869caa4 <unknown>
#15 0x7f87e8729c3c <unknown>

2025-03-29 15:21:49,778 - WARNING - Failed to re-scrape 37602613 after 3 attempts
2025-03-29 15:25:26,891 - WARNING - Alert encountered for 37602611: Alert Text: 同一画面で一定時間が経過しましたため、まもなくログアウトされます。処理中の場合は、いずれかのボタンを押してください。[UNM013780I]
Message: unexpected alert open: {Alert text : 同一画面で一定時間が経過しましたため、まもなくログアウトされます。処理中の場合は、いずれかのボタンを押してください。[UNM013780I]}
  (Session info: chrome=134.0.6998.165)
Stacktrace:
#0 0x564682603ffa <unknown>
#1 0x5646820c2970 <unknown>
#2 0x56468216121e <unknown>
#3 0x56468213a063 <unknown>
#4 0x564682106328 <unknown>
#5 0x564682107491 <unknown>
#6 0x5646825cb42b <unknown>
#7 0x5646825cf2ec <unknown>
#8 0x5646825b2a22 <unknown>
#9 0x5646825cfe64 <unknown>
#10 0x564682596bef <unknown>
#11 0x5646825f2558 <unknown>
#12 0x5646825f2736 <unknown>
#13 0x564682602e76 <unknown>
#14 0x7f183b69caa4 <unknown>
#15 0x7f183b729c3c <unknown>

2025-03-29 15:29:08,033 - WARNING - Alert encountered for 37602611: Alert Text: 同一画面で一定時間が経過しましたため、まもなくログアウトされます。処理中の場合は、いずれかのボタンを押してください。[UNM013780I]
Message: unexpected alert open: {Alert text : 同一画面で一定時間が経過しましたため、まもなくログアウトされます。処理中の場合は、いずれかのボタンを押してください。[UNM013780I]}
  (Session info: chrome=134.0.6998.165)
Stacktrace:
#0 0x563c373b8ffa <unknown>
#1 0x563c36e77970 <unknown>
#2 0x563c36f1621e <unknown>
#3 0x563c36eef063 <unknown>
#4 0x563c36ebb328 <unknown>
#5 0x563c36ebc491 <unknown>
#6 0x563c3738042b <unknown>
#7 0x563c373842ec <unknown>
#8 0x563c37367a22 <unknown>
#9 0x563c37384e64 <unknown>
#10 0x563c3734bbef <unknown>
#11 0x563c373a7558 <unknown>
#12 0x563c373a7736 <unknown>
#13 0x563c373b7e76 <unknown>
#14 0x7f66b489caa4 <unknown>
#15 0x7f66b4929c3c <unknown>

2025-03-29 15:32:49,271 - WARNING - Alert encountered for 37602611: Alert Text: 同一画面で一定時間が経過しましたため、まもなくログアウトされます。処理中の場合は、いずれかのボタンを押してください。[UNM013780I]
Message: unexpected alert open: {Alert text : 同一画面で一定時間が経過しましたため、まもなくログアウトされます。処理中の場合は、いずれかのボタンを押してください。[UNM013780I]}
  (Session info: chrome=134.0.6998.165)
Stacktrace:
#0 0x563c13b9affa <unknown>
#1 0x563c13659970 <unknown>
#2 0x563c136f821e <unknown>
#3 0x563c136d1063 <unknown>
#4 0x563c1369d328 <unknown>
#5 0x563c1369e491 <unknown>
#6 0x563c13b6242b <unknown>
#7 0x563c13b662ec <unknown>
#8 0x563c13b49a22 <unknown>
#9 0x563c13b66e64 <unknown>
#10 0x563c13b2dbef <unknown>
#11 0x563c13b89558 <unknown>
#12 0x563c13b89736 <unknown>
#13 0x563c13b99e76 <unknown>
#14 0x7fad4509caa4 <unknown>
#15 0x7fad45129c3c <unknown>

2025-03-29 15:32:49,325 - WARNING - Failed to re-scrape 37602611 after 3 attempts
2025-03-29 15:36:17,081 - WARNING - Alert encountered for 26407500: Alert Text: 同一画面で一定時間が経過しましたため、まもなくログアウトされます。処理中の場合は、いずれかのボタンを押してください。[UNM013780I]
Message: unexpected alert open: {Alert text : 同一画面で一定時間が経過しましたため、まもなくログアウトされます。処理中の場合は、いずれかのボタンを押してください。[UNM013780I]}
  (Session info: chrome=134.0.6998.165)
Stacktrace:
#0 0x564f1cca8ffa <unknown>
#1 0x564f1c767970 <unknown>
#2 0x564f1c80621e <unknown>
#3 0x564f1c7df063 <unknown>
#4 0x564f1c7ab328 <unknown>
#5 0x564f1c7ac491 <unknown>
#6 0x564f1cc7042b <unknown>
#7 0x564f1cc742ec <unknown>
#8 0x564f1cc57a22 <unknown>
#9 0x564f1cc74e64 <unknown>
#10 0x564f1cc3bbef <unknown>
#11 0x564f1cc97558 <unknown>
#12 0x564f1cc97736 <unknown>
#13 0x564f1cca7e76 <unknown>
#14 0x7f4d0569caa4 <unknown>
#15 0x7f4d05729c3c <unknown>

2025-03-29 15:39:49,053 - WARNING - Alert encountered for 26407500: Alert Text: 同一画面で一定時間が経過しましたため、まもなくログアウトされます。処理中の場合は、いずれかのボタンを押してください。[UNM013780I]
Message: unexpected alert open: {Alert text : 同一画面で一定時間が経過しましたため、まもなくログアウトされます。処理中の場合は、いずれかのボタンを押してください。[UNM013780I]}
  (Session info: chrome=134.0.6998.165)
Stacktrace:
#0 0x5610019a5ffa <unknown>
#1 0x561001464970 <unknown>
#2 0x56100150321e <unknown>
#3 0x5610014dc063 <unknown>
#4 0x5610014a8328 <unknown>
#5 0x5610014a9491 <unknown>
#6 0x56100196d42b <unknown>
#7 0x5610019712ec <unknown>
#8 0x561001954a22 <unknown>
#9 0x561001971e64 <unknown>
#10 0x561001938bef <unknown>
#11 0x561001994558 <unknown>
#12 0x561001994736 <unknown>
#13 0x5610019a4e76 <unknown>
#14 0x7f1257c9caa4 <unknown>
#15 0x7f1257d29c3c <unknown>

2025-03-29 15:43:21,324 - WARNING - Alert encountered for 26407500: Alert Text: 同一画面で一定時間が経過しましたため、まもなくログアウトされます。処理中の場合は、いずれかのボタンを押してください。[UNM013780I]
Message: unexpected alert open: {Alert text : 同一画面で一定時間が経過しましたため、まもなくログアウトされます。処理中の場合は、いずれかのボタンを押してください。[UNM013780I]}
  (Session info: chrome=134.0.6998.165)
Stacktrace:
#0 0x5615a3d4fffa <unknown>
#1 0x5615a380e970 <unknown>
#2 0x5615a38ad21e <unknown>
#3 0x5615a3886063 <unknown>
#4 0x5615a3852328 <unknown>
#5 0x5615a3853491 <unknown>
#6 0x5615a3d1742b <unknown>
#7 0x5615a3d1b2ec <unknown>
#8 0x5615a3cfea22 <unknown>
#9 0x5615a3d1be64 <unknown>
#10 0x5615a3ce2bef <unknown>
#11 0x5615a3d3e558 <unknown>
#12 0x5615a3d3e736 <unknown>
#13 0x5615a3d4ee76 <unknown>
#14 0x7fbaf909caa4 <unknown>
#15 0x7fbaf9129c3c <unknown>

2025-03-29 15:43:21,377 - WARNING - Failed to re-scrape 26407500 after 3 attempts
2025-03-29 15:46:58,430 - WARNING - Alert encountered for 37603113: Alert Text: 同一画面で一定時間が経過しましたため、まもなくログアウトされます。処理中の場合は、いずれかのボタンを押してください。[UNM013780I]
Message: unexpected alert open: {Alert text : 同一画面で一定時間が経過しましたため、まもなくログアウトされます。処理中の場合は、いずれかのボタンを押してください。[UNM013780I]}
  (Session info: chrome=134.0.6998.165)
Stacktrace:
#0 0x56092697dffa <unknown>
#1 0x56092643c970 <unknown>
#2 0x5609264db21e <unknown>
#3 0x5609264b4063 <unknown>
#4 0x560926480328 <unknown>
#5 0x560926481491 <unknown>
#6 0x56092694542b <unknown>
#7 0x5609269492ec <unknown>
#8 0x56092692ca22 <unknown>
#9 0x560926949e64 <unknown>
#10 0x560926910bef <unknown>
#11 0x56092696c558 <unknown>
#12 0x56092696c736 <unknown>
#13 0x56092697ce76 <unknown>
#14 0x7f967e69caa4 <unknown>
#15 0x7f967e729c3c <unknown>

2025-03-29 15:50:31,751 - WARNING - Alert encountered for 37603113: Alert Text: 同一画面で一定時間が経過しましたため、まもなくログアウトされます。処理中の場合は、いずれかのボタンを押してください。[UNM013780I]
Message: unexpected alert open: {Alert text : 同一画面で一定時間が経過しましたため、まもなくログアウトされます。処理中の場合は、いずれかのボタンを押してください。[UNM013780I]}
  (Session info: chrome=134.0.6998.165)
Stacktrace:
#0 0x55d449e44ffa <unknown>
#1 0x55d449903970 <unknown>
#2 0x55d4499a221e <unknown>
#3 0x55d44997b063 <unknown>
#4 0x55d449947328 <unknown>
#5 0x55d449948491 <unknown>
#6 0x55d449e0c42b <unknown>
#7 0x55d449e102ec <unknown>
#8 0x55d449df3a22 <unknown>
#9 0x55d449e10e64 <unknown>
#10 0x55d449dd7bef <unknown>
#11 0x55d449e33558 <unknown>
#12 0x55d449e33736 <unknown>
#13 0x55d449e43e76 <unknown>
#14 0x7fb9cde9caa4 <unknown>
#15 0x7fb9cdf29c3c <unknown>

2025-03-29 15:54:12,282 - WARNING - Alert encountered for 37603113: Alert Text: 同一画面で一定時間が経過しましたため、まもなくログアウトされます。処理中の場合は、いずれかのボタンを押してください。[UNM013780I]
Message: unexpected alert open: {Alert text : 同一画面で一定時間が経過しましたため、まもなくログアウトされます。処理中の場合は、いずれかのボタンを押してください。[UNM013780I]}
  (Session info: chrome=134.0.6998.165)
Stacktrace:
#0 0x55a7d9adfffa <unknown>
#1 0x55a7d959e970 <unknown>
#2 0x55a7d963d21e <unknown>
#3 0x55a7d9616063 <unknown>
#4 0x55a7d95e2328 <unknown>
#5 0x55a7d95e3491 <unknown>
#6 0x55a7d9aa742b <unknown>
#7 0x55a7d9aab2ec <unknown>
#8 0x55a7d9a8ea22 <unknown>
#9 0x55a7d9aabe64 <unknown>
#10 0x55a7d9a72bef <unknown>
#11 0x55a7d9ace558 <unknown>
#12 0x55a7d9ace736 <unknown>
#13 0x55a7d9adee76 <unknown>
#14 0x7f470d49caa4 <unknown>
#15 0x7f470d529c3c <unknown>

2025-03-29 15:54:12,335 - WARNING - Failed to re-scrape 37603113 after 3 attempts
2025-03-29 15:57:40,126 - WARNING - Alert encountered for 26404500: Alert Text: 同一画面で一定時間が経過しましたため、まもなくログアウトされます。処理中の場合は、いずれかのボタンを押してください。[UNM013780I]
Message: unexpected alert open: {Alert text : 同一画面で一定時間が経過しましたため、まもなくログアウトされます。処理中の場合は、いずれかのボタンを押してください。[UNM013780I]}
  (Session info: chrome=134.0.6998.165)
Stacktrace:
#0 0x560d416baffa <unknown>
#1 0x560d41179970 <unknown>
#2 0x560d4121821e <unknown>
#3 0x560d411f1063 <unknown>
#4 0x560d411bd328 <unknown>
#5 0x560d411be491 <unknown>
#6 0x560d4168242b <unknown>
#7 0x560d416862ec <unknown>
#8 0x560d41669a22 <unknown>
#9 0x560d41686e64 <unknown>
#10 0x560d4164dbef <unknown>
#11 0x560d416a9558 <unknown>
#12 0x560d416a9736 <unknown>
#13 0x560d416b9e76 <unknown>
#14 0x7f280ae9caa4 <unknown>
#15 0x7f280af29c3c <unknown>

2025-03-29 16:01:11,780 - WARNING - Alert encountered for 26404500: Alert Text: 同一画面で一定時間が経過しましたため、まもなくログアウトされます。処理中の場合は、いずれかのボタンを押してください。[UNM013780I]
Message: unexpected alert open: {Alert text : 同一画面で一定時間が経過しましたため、まもなくログアウトされます。処理中の場合は、いずれかのボタンを押してください。[UNM013780I]}
  (Session info: chrome=134.0.6998.165)
Stacktrace:
#0 0x563fa7ca4ffa <unknown>
#1 0x563fa7763970 <unknown>
#2 0x563fa780221e <unknown>
#3 0x563fa77db063 <unknown>
#4 0x563fa77a7328 <unknown>
#5 0x563fa77a8491 <unknown>
#6 0x563fa7c6c42b <unknown>
#7 0x563fa7c702ec <unknown>
#8 0x563fa7c53a22 <unknown>
#9 0x563fa7c70e64 <unknown>
#10 0x563fa7c37bef <unknown>
#11 0x563fa7c93558 <unknown>
#12 0x563fa7c93736 <unknown>
#13 0x563fa7ca3e76 <unknown>
#14 0x7f1e3ba9caa4 <unknown>
#15 0x7f1e3bb29c3c <unknown>

2025-03-29 16:04:45,887 - WARNING - Alert encountered for 26404500: Alert Text: 同一画面で一定時間が経過しましたため、まもなくログアウトされます。処理中の場合は、いずれかのボタンを押してください。[UNM013780I]
Message: unexpected alert open: {Alert text : 同一画面で一定時間が経過しましたため、まもなくログアウトされます。処理中の場合は、いずれかのボタンを押してください。[UNM013780I]}
  (Session info: chrome=134.0.6998.165)
Stacktrace:
#0 0x5562c45adffa <unknown>
#1 0x5562c406c970 <unknown>
#2 0x5562c407b0d1 <unknown>
#3 0x5562c40814cb <unknown>
#4 0x5562c4052890 <unknown>
#5 0x5562c407a5c5 <unknown>
#6 0x5562c410a5e3 <unknown>
#7 0x5562c40e4063 <unknown>
#8 0x5562c40b0328 <unknown>
#9 0x5562c40b1491 <unknown>
#10 0x5562c457542b <unknown>
#11 0x5562c45792ec <unknown>
#12 0x5562c455ca22 <unknown>
#13 0x5562c4579e64 <unknown>
#14 0x5562c4540bef <unknown>
#15 0x5562c459c558 <unknown>
#16 0x5562c459c736 <unknown>
#17 0x5562c45ace76 <unknown>
#18 0x7f89ca49caa4 <unknown>
#19 0x7f89ca529c3c <unknown>

2025-03-29 16:04:45,940 - WARNING - Failed to re-scrape 26404500 after 3 attempts
2025-03-29 16:08:13,188 - WARNING - Alert encountered for 26383500: Alert Text: 同一画面で一定時間が経過しましたため、まもなくログアウトされます。処理中の場合は、いずれかのボタンを押してください。[UNM013780I]
Message: unexpected alert open: {Alert text : 同一画面で一定時間が経過しましたため、まもなくログアウトされます。処理中の場合は、いずれかのボタンを押してください。[UNM013780I]}
  (Session info: chrome=134.0.6998.165)
Stacktrace:
#0 0x559358a0dffa <unknown>
#1 0x5593584cc970 <unknown>
#2 0x55935856b21e <unknown>
#3 0x559358544063 <unknown>
#4 0x559358510328 <unknown>
#5 0x559358511491 <unknown>
#6 0x5593589d542b <unknown>
#7 0x5593589d92ec <unknown>
#8 0x5593589bca22 <unknown>
#9 0x5593589d9e64 <unknown>
#10 0x5593589a0bef <unknown>
#11 0x5593589fc558 <unknown>
#12 0x5593589fc736 <unknown>
#13 0x559358a0ce76 <unknown>
#14 0x7f24bfe9caa4 <unknown>
#15 0x7f24bff29c3c <unknown>

2025-03-29 16:11:43,831 - WARNING - Alert encountered for 26383500: Alert Text: 同一画面で一定時間が経過しましたため、まもなくログアウトされます。処理中の場合は、いずれかのボタンを押してください。[UNM013780I]
Message: unexpected alert open: {Alert text : 同一画面で一定時間が経過しましたため、まもなくログアウトされます。処理中の場合は、いずれかのボタンを押してください。[UNM013780I]}
  (Session info: chrome=134.0.6998.165)
Stacktrace:
#0 0x5619e6bd6ffa <unknown>
#1 0x5619e6695970 <unknown>
#2 0x5619e673421e <unknown>
#3 0x5619e670d063 <unknown>
#4 0x5619e66d9328 <unknown>
#5 0x5619e66da491 <unknown>
#6 0x5619e6b9e42b <unknown>
#7 0x5619e6ba22ec <unknown>
#8 0x5619e6b85a22 <unknown>
#9 0x5619e6ba2e64 <unknown>
#10 0x5619e6b69bef <unknown>
#11 0x5619e6bc5558 <unknown>
#12 0x5619e6bc5736 <unknown>
#13 0x5619e6bd5e76 <unknown>
#14 0x7fe7b7c9caa4 <unknown>
#15 0x7fe7b7d29c3c <unknown>

2025-03-29 16:15:15,419 - WARNING - Alert encountered for 26383500: Alert Text: 同一画面で一定時間が経過しましたため、まもなくログアウトされます。処理中の場合は、いずれかのボタンを押してください。[UNM013780I]
Message: unexpected alert open: {Alert text : 同一画面で一定時間が経過しましたため、まもなくログアウトされます。処理中の場合は、いずれかのボタンを押してください。[UNM013780I]}
  (Session info: chrome=134.0.6998.165)
Stacktrace:
#0 0x55a31bf1cffa <unknown>
#1 0x55a31b9db970 <unknown>
#2 0x55a31ba7a21e <unknown>
#3 0x55a31ba53063 <unknown>
#4 0x55a31ba1f328 <unknown>
#5 0x55a31ba20491 <unknown>
#6 0x55a31bee442b <unknown>
#7 0x55a31bee82ec <unknown>
#8 0x55a31becba22 <unknown>
#9 0x55a31bee8e64 <unknown>
#10 0x55a31beafbef <unknown>
#11 0x55a31bf0b558 <unknown>
#12 0x55a31bf0b736 <unknown>
#13 0x55a31bf1be76 <unknown>
#14 0x7f4514a9caa4 <unknown>
#15 0x7f4514b29c3c <unknown>

2025-03-29 16:15:15,472 - WARNING - Failed to re-scrape 26383500 after 3 attempts
2025-03-29 16:18:43,261 - WARNING - Alert encountered for 26459026: Alert Text: 同一画面で一定時間が経過しましたため、まもなくログアウトされます。処理中の場合は、いずれかのボタンを押してください。[UNM013780I]
Message: unexpected alert open: {Alert text : 同一画面で一定時間が経過しましたため、まもなくログアウトされます。処理中の場合は、いずれかのボタンを押してください。[UNM013780I]}
  (Session info: chrome=134.0.6998.165)
Stacktrace:
#0 0x55c52b1e1ffa <unknown>
#1 0x55c52aca0970 <unknown>
#2 0x55c52ad3f21e <unknown>
#3 0x55c52ad18063 <unknown>
#4 0x55c52ace4328 <unknown>
#5 0x55c52ace5491 <unknown>
#6 0x55c52b1a942b <unknown>
#7 0x55c52b1ad2ec <unknown>
#8 0x55c52b190a22 <unknown>
#9 0x55c52b1ade64 <unknown>
#10 0x55c52b174bef <unknown>
#11 0x55c52b1d0558 <unknown>
#12 0x55c52b1d0736 <unknown>
#13 0x55c52b1e0e76 <unknown>
#14 0x7f461969caa4 <unknown>
#15 0x7f4619729c3c <unknown>

2025-03-29 16:22:15,168 - WARNING - Alert encountered for 26459026: Alert Text: 同一画面で一定時間が経過しましたため、まもなくログアウトされます。処理中の場合は、いずれかのボタンを押してください。[UNM013780I]
Message: unexpected alert open: {Alert text : 同一画面で一定時間が経過しましたため、まもなくログアウトされます。処理中の場合は、いずれかのボタンを押してください。[UNM013780I]}
  (Session info: chrome=134.0.6998.165)
Stacktrace:
#0 0x5583a6fe2ffa <unknown>
#1 0x5583a6aa1970 <unknown>
#2 0x5583a6b4021e <unknown>
#3 0x5583a6b19063 <unknown>
#4 0x5583a6ae5328 <unknown>
#5 0x5583a6ae6491 <unknown>
#6 0x5583a6faa42b <unknown>
#7 0x5583a6fae2ec <unknown>
#8 0x5583a6f91a22 <unknown>
#9 0x5583a6faee64 <unknown>
#10 0x5583a6f75bef <unknown>
#11 0x5583a6fd1558 <unknown>
#12 0x5583a6fd1736 <unknown>
#13 0x5583a6fe1e76 <unknown>
#14 0x7fbbc429caa4 <unknown>
#15 0x7fbbc4329c3c <unknown>

2025-03-29 16:25:48,244 - WARNING - Alert encountered for 26459026: Alert Text: 同一画面で一定時間が経過しましたため、まもなくログアウトされます。処理中の場合は、いずれかのボタンを押してください。[UNM013780I]
Message: unexpected alert open: {Alert text : 同一画面で一定時間が経過しましたため、まもなくログアウトされます。処理中の場合は、いずれかのボタンを押してください。[UNM013780I]}
  (Session info: chrome=134.0.6998.165)
Stacktrace:
#0 0x559a2f1c6ffa <unknown>
#1 0x559a2ec85970 <unknown>
#2 0x559a2ed2421e <unknown>
#3 0x559a2ecfd063 <unknown>
#4 0x559a2ecc9328 <unknown>
#5 0x559a2ecca491 <unknown>
#6 0x559a2f18e42b <unknown>
#7 0x559a2f1922ec <unknown>
#8 0x559a2f175a22 <unknown>
#9 0x559a2f192e64 <unknown>
#10 0x559a2f159bef <unknown>
#11 0x559a2f1b5558 <unknown>
#12 0x559a2f1b5736 <unknown>
#13 0x559a2f1c5e76 <unknown>
#14 0x7f481809caa4 <unknown>
#15 0x7f4818129c3c <unknown>

2025-03-29 16:25:48,298 - WARNING - Failed to re-scrape 26459026 after 3 attempts
2025-03-29 16:29:16,186 - WARNING - Alert encountered for 26416600: Alert Text: 同一画面で一定時間が経過しましたため、まもなくログアウトされます。処理中の場合は、いずれかのボタンを押してください。[UNM013780I]
Message: unexpected alert open: {Alert text : 同一画面で一定時間が経過しましたため、まもなくログアウトされます。処理中の場合は、いずれかのボタンを押してください。[UNM013780I]}
  (Session info: chrome=134.0.6998.165)
Stacktrace:
#0 0x56178efefffa <unknown>
#1 0x56178eaae970 <unknown>
#2 0x56178eb4d21e <unknown>
#3 0x56178eb26063 <unknown>
#4 0x56178eaf2328 <unknown>
#5 0x56178eaf3491 <unknown>
#6 0x56178efb742b <unknown>
#7 0x56178efbb2ec <unknown>
#8 0x56178ef9ea22 <unknown>
#9 0x56178efbbe64 <unknown>
#10 0x56178ef82bef <unknown>
#11 0x56178efde558 <unknown>
#12 0x56178efde736 <unknown>
#13 0x56178efeee76 <unknown>
#14 0x7fd78a29caa4 <unknown>
#15 0x7fd78a329c3c <unknown>

2025-03-29 16:32:47,841 - WARNING - Alert encountered for 26416600: Alert Text: 同一画面で一定時間が経過しましたため、まもなくログアウトされます。処理中の場合は、いずれかのボタンを押してください。[UNM013780I]
Message: unexpected alert open: {Alert text : 同一画面で一定時間が経過しましたため、まもなくログアウトされます。処理中の場合は、いずれかのボタンを押してください。[UNM013780I]}
  (Session info: chrome=134.0.6998.165)
Stacktrace:
#0 0x562bb39dbffa <unknown>
#1 0x562bb349a970 <unknown>
#2 0x562bb353921e <unknown>
#3 0x562bb3512063 <unknown>
#4 0x562bb34de328 <unknown>
#5 0x562bb34df491 <unknown>
#6 0x562bb39a342b <unknown>
#7 0x562bb39a72ec <unknown>
#8 0x562bb398aa22 <unknown>
#9 0x562bb39a7e64 <unknown>
#10 0x562bb396ebef <unknown>
#11 0x562bb39ca558 <unknown>
#12 0x562bb39ca736 <unknown>
#13 0x562bb39dae76 <unknown>
#14 0x7fc0a169caa4 <unknown>
#15 0x7fc0a1729c3c <unknown>

2025-03-29 16:36:17,796 - WARNING - Alert encountered for 26416600: Alert Text: 同一画面で一定時間が経過しましたため、まもなくログアウトされます。処理中の場合は、いずれかのボタンを押してください。[UNM013780I]
Message: unexpected alert open: {Alert text : 同一画面で一定時間が経過しましたため、まもなくログアウトされます。処理中の場合は、いずれかのボタンを押してください。[UNM013780I]}
  (Session info: chrome=134.0.6998.165)
Stacktrace:
#0 0x55a84c3caffa <unknown>
#1 0x55a84be89970 <unknown>
#2 0x55a84bf2821e <unknown>
#3 0x55a84bf01063 <unknown>
#4 0x55a84becd328 <unknown>
#5 0x55a84bece491 <unknown>
#6 0x55a84c39242b <unknown>
#7 0x55a84c3962ec <unknown>
#8 0x55a84c379a22 <unknown>
#9 0x55a84c396e64 <unknown>
#10 0x55a84c35dbef <unknown>
#11 0x55a84c3b9558 <unknown>
#12 0x55a84c3b9736 <unknown>
#13 0x55a84c3c9e76 <unknown>
#14 0x7fa4bca9caa4 <unknown>
#15 0x7fa4bcb29c3c <unknown>

2025-03-29 16:36:17,849 - WARNING - Failed to re-scrape 26416600 after 3 attempts
2025-03-29 16:39:44,781 - WARNING - Alert encountered for 26384500: Alert Text: 同一画面で一定時間が経過しましたため、まもなくログアウトされます。処理中の場合は、いずれかのボタンを押してください。[UNM013780I]
Message: unexpected alert open: {Alert text : 同一画面で一定時間が経過しましたため、まもなくログアウトされます。処理中の場合は、いずれかのボタンを押してください。[UNM013780I]}
  (Session info: chrome=134.0.6998.165)
Stacktrace:
#0 0x5642d56ffffa <unknown>
#1 0x5642d51be970 <unknown>
#2 0x5642d525d21e <unknown>
#3 0x5642d5236063 <unknown>
#4 0x5642d5202328 <unknown>
#5 0x5642d5203491 <unknown>
#6 0x5642d56c742b <unknown>
#7 0x5642d56cb2ec <unknown>
#8 0x5642d56aea22 <unknown>
#9 0x5642d56cbe64 <unknown>
#10 0x5642d5692bef <unknown>
#11 0x5642d56ee558 <unknown>
#12 0x5642d56ee736 <unknown>
#13 0x5642d56fee76 <unknown>
#14 0x7f46c2e9caa4 <unknown>
#15 0x7f46c2f29c3c <unknown>

2025-03-29 16:43:16,443 - WARNING - Alert encountered for 26384500: Alert Text: 同一画面で一定時間が経過しましたため、まもなくログアウトされます。処理中の場合は、いずれかのボタンを押してください。[UNM013780I]
Message: unexpected alert open: {Alert text : 同一画面で一定時間が経過しましたため、まもなくログアウトされます。処理中の場合は、いずれかのボタンを押してください。[UNM013780I]}
  (Session info: chrome=134.0.6998.165)
Stacktrace:
#0 0x55b860489ffa <unknown>
#1 0x55b85ff48970 <unknown>
#2 0x55b85ffe721e <unknown>
#3 0x55b85ffc0063 <unknown>
#4 0x55b85ff8c328 <unknown>
#5 0x55b85ff8d491 <unknown>
#6 0x55b86045142b <unknown>
#7 0x55b8604552ec <unknown>
#8 0x55b860438a22 <unknown>
#9 0x55b860455e64 <unknown>
#10 0x55b86041cbef <unknown>
#11 0x55b860478558 <unknown>
#12 0x55b860478736 <unknown>
#13 0x55b860488e76 <unknown>
#14 0x7fb74e69caa4 <unknown>
#15 0x7fb74e729c3c <unknown>

2025-03-29 16:46:53,734 - WARNING - Alert encountered for 26384500: Alert Text: 同一画面で一定時間が経過しましたため、まもなくログアウトされます。処理中の場合は、いずれかのボタンを押してください。[UNM013780I]
Message: unexpected alert open: {Alert text : 同一画面で一定時間が経過しましたため、まもなくログアウトされます。処理中の場合は、いずれかのボタンを押してください。[UNM013780I]}
  (Session info: chrome=134.0.6998.165)
Stacktrace:
#0 0x559db93c5ffa <unknown>
#1 0x559db8e84970 <unknown>
#2 0x559db8f2321e <unknown>
#3 0x559db8efc063 <unknown>
#4 0x559db8ec8328 <unknown>
#5 0x559db8ec9491 <unknown>
#6 0x559db938d42b <unknown>
#7 0x559db93912ec <unknown>
#8 0x559db9374a22 <unknown>
#9 0x559db9391e64 <unknown>
#10 0x559db9358bef <unknown>
#11 0x559db93b4558 <unknown>
#12 0x559db93b4736 <unknown>
#13 0x559db93c4e76 <unknown>
#14 0x7f5a5ca9caa4 <unknown>
#15 0x7f5a5cb29c3c <unknown>

2025-03-29 16:46:53,789 - WARNING - Failed to re-scrape 26384500 after 3 attempts
2025-03-29 16:49:16,428 - WARNING - Failed to re-scrape 31014009 after 3 attempts
2025-03-29 16:52:52,100 - WARNING - Alert encountered for 37603111: Alert Text: 同一画面で一定時間が経過しましたため、まもなくログアウトされます。処理中の場合は、いずれかのボタンを押してください。[UNM013780I]
Message: unexpected alert open: {Alert text : 同一画面で一定時間が経過しましたため、まもなくログアウトされます。処理中の場合は、いずれかのボタンを押してください。[UNM013780I]}
  (Session info: chrome=134.0.6998.165)
Stacktrace:
#0 0x556ea6b57ffa <unknown>
#1 0x556ea6616970 <unknown>
#2 0x556ea66b521e <unknown>
#3 0x556ea668e063 <unknown>
#4 0x556ea665a328 <unknown>
#5 0x556ea665b491 <unknown>
#6 0x556ea6b1f42b <unknown>
#7 0x556ea6b232ec <unknown>
#8 0x556ea6b06a22 <unknown>
#9 0x556ea6b23e64 <unknown>
#10 0x556ea6aeabef <unknown>
#11 0x556ea6b46558 <unknown>
#12 0x556ea6b46736 <unknown>
#13 0x556ea6b56e76 <unknown>
#14 0x7f328669caa4 <unknown>
#15 0x7f3286729c3c <unknown>

2025-03-29 16:56:34,581 - WARNING - Alert encountered for 37603111: Alert Text: 同一画面で一定時間が経過しましたため、まもなくログアウトされます。処理中の場合は、いずれかのボタンを押してください。[UNM013780I]
Message: unexpected alert open: {Alert text : 同一画面で一定時間が経過しましたため、まもなくログアウトされます。処理中の場合は、いずれかのボタンを押してください。[UNM013780I]}
  (Session info: chrome=134.0.6998.165)
Stacktrace:
#0 0x55dc95bbfffa <unknown>
#1 0x55dc9567e970 <unknown>
#2 0x55dc9571d21e <unknown>
#3 0x55dc956f6063 <unknown>
#4 0x55dc956c2328 <unknown>
#5 0x55dc956c3491 <unknown>
#6 0x55dc95b8742b <unknown>
#7 0x55dc95b8b2ec <unknown>
#8 0x55dc95b6ea22 <unknown>
#9 0x55dc95b8be64 <unknown>
#10 0x55dc95b52bef <unknown>
#11 0x55dc95bae558 <unknown>
#12 0x55dc95bae736 <unknown>
#13 0x55dc95bbee76 <unknown>
#14 0x7fe5cb89caa4 <unknown>
#15 0x7fe5cb929c3c <unknown>

2025-03-29 17:00:16,764 - WARNING - Alert encountered for 37603111: Alert Text: 同一画面で一定時間が経過しましたため、まもなくログアウトされます。処理中の場合は、いずれかのボタンを押してください。[UNM013780I]
Message: unexpected alert open: {Alert text : 同一画面で一定時間が経過しましたため、まもなくログアウトされます。処理中の場合は、いずれかのボタンを押してください。[UNM013780I]}
  (Session info: chrome=134.0.6998.165)
Stacktrace:
#0 0x55fc7ab7effa <unknown>
#1 0x55fc7a63d970 <unknown>
#2 0x55fc7a6dc21e <unknown>
#3 0x55fc7a6b5063 <unknown>
#4 0x55fc7a681328 <unknown>
#5 0x55fc7a682491 <unknown>
#6 0x55fc7ab4642b <unknown>
#7 0x55fc7ab4a2ec <unknown>
#8 0x55fc7ab2da22 <unknown>
#9 0x55fc7ab4ae64 <unknown>
#10 0x55fc7ab11bef <unknown>
#11 0x55fc7ab6d558 <unknown>
#12 0x55fc7ab6d736 <unknown>
#13 0x55fc7ab7de76 <unknown>
#14 0x7f8638a9caa4 <unknown>
#15 0x7f8638b29c3c <unknown>

2025-03-29 17:00:16,818 - WARNING - Failed to re-scrape 37603111 after 3 attempts
2025-03-29 17:03:43,505 - WARNING - Alert encountered for 26459008: Alert Text: 同一画面で一定時間が経過しましたため、まもなくログアウトされます。処理中の場合は、いずれかのボタンを押してください。[UNM013780I]
Message: unexpected alert open: {Alert text : 同一画面で一定時間が経過しましたため、まもなくログアウトされます。処理中の場合は、いずれかのボタンを押してください。[UNM013780I]}
  (Session info: chrome=134.0.6998.165)
Stacktrace:
#0 0x557dafe42ffa <unknown>
#1 0x557daf901970 <unknown>
#2 0x557daf9100d1 <unknown>
#3 0x557daf9164cb <unknown>
#4 0x557daf8e7890 <unknown>
#5 0x557daf90f5c5 <unknown>
#6 0x557daf99f5e3 <unknown>
#7 0x557daf979063 <unknown>
#8 0x557daf945328 <unknown>
#9 0x557daf946491 <unknown>
#10 0x557dafe0a42b <unknown>
#11 0x557dafe0e2ec <unknown>
#12 0x557dafdf1a22 <unknown>
#13 0x557dafe0ee64 <unknown>
#14 0x557dafdd5bef <unknown>
#15 0x557dafe31558 <unknown>
#16 0x557dafe31736 <unknown>
#17 0x557dafe41e76 <unknown>
#18 0x7f6af769caa4 <unknown>
#19 0x7f6af7729c3c <unknown>

2025-03-29 17:07:14,661 - WARNING - Alert encountered for 26459008: Alert Text: 同一画面で一定時間が経過しましたため、まもなくログアウトされます。処理中の場合は、いずれかのボタンを押してください。[UNM013780I]
Message: unexpected alert open: {Alert text : 同一画面で一定時間が経過しましたため、まもなくログアウトされます。処理中の場合は、いずれかのボタンを押してください。[UNM013780I]}
  (Session info: chrome=134.0.6998.165)
Stacktrace:
#0 0x562948765ffa <unknown>
#1 0x562948224970 <unknown>
#2 0x5629482c321e <unknown>
#3 0x56294829c063 <unknown>
#4 0x562948268328 <unknown>
#5 0x562948269491 <unknown>
#6 0x56294872d42b <unknown>
#7 0x5629487312ec <unknown>
#8 0x562948714a22 <unknown>
#9 0x562948731e64 <unknown>
#10 0x5629486f8bef <unknown>
#11 0x562948754558 <unknown>
#12 0x562948754736 <unknown>
#13 0x562948764e76 <unknown>
#14 0x7fb1a049caa4 <unknown>
#15 0x7fb1a0529c3c <unknown>

2025-03-29 17:10:46,793 - WARNING - Alert encountered for 26459008: Alert Text: 同一画面で一定時間が経過しましたため、まもなくログアウトされます。処理中の場合は、いずれかのボタンを押してください。[UNM013780I]
Message: unexpected alert open: {Alert text : 同一画面で一定時間が経過しましたため、まもなくログアウトされます。処理中の場合は、いずれかのボタンを押してください。[UNM013780I]}
  (Session info: chrome=134.0.6998.165)
Stacktrace:
#0 0x55d50675effa <unknown>
#1 0x55d50621d970 <unknown>
#2 0x55d5062bc21e <unknown>
#3 0x55d506295063 <unknown>
#4 0x55d506261328 <unknown>
#5 0x55d506262491 <unknown>
#6 0x55d50672642b <unknown>
#7 0x55d50672a2ec <unknown>
#8 0x55d50670da22 <unknown>
#9 0x55d50672ae64 <unknown>
#10 0x55d5066f1bef <unknown>
#11 0x55d50674d558 <unknown>
#12 0x55d50674d736 <unknown>
#13 0x55d50675de76 <unknown>
#14 0x7fcca3e9caa4 <unknown>
#15 0x7fcca3f29c3c <unknown>

2025-03-29 17:10:46,848 - WARNING - Failed to re-scrape 26459008 after 3 attempts
2025-03-29 17:14:15,091 - ERROR - Error for 26459018: 'NoneType' object has no attribute 'click'
2025-03-29 17:17:51,076 - WARNING - Alert encountered for 26459018: Alert Text: 同一画面で一定時間が経過しましたため、まもなくログアウトされます。処理中の場合は、いずれかのボタンを押してください。[UNM013780I]
Message: unexpected alert open: {Alert text : 同一画面で一定時間が経過しましたため、まもなくログアウトされます。処理中の場合は、いずれかのボタンを押してください。[UNM013780I]}
  (Session info: chrome=134.0.6998.165)
Stacktrace:
#0 0x5611d689dffa <unknown>
#1 0x5611d635c970 <unknown>
#2 0x5611d63fb21e <unknown>
#3 0x5611d63d4063 <unknown>
#4 0x5611d63a0328 <unknown>
#5 0x5611d63a1491 <unknown>
#6 0x5611d686542b <unknown>
#7 0x5611d68692ec <unknown>
#8 0x5611d684ca22 <unknown>
#9 0x5611d6869e64 <unknown>
#10 0x5611d6830bef <unknown>
#11 0x5611d688c558 <unknown>
#12 0x5611d688c736 <unknown>
#13 0x5611d689ce76 <unknown>
#14 0x7f489fe9caa4 <unknown>
#15 0x7f489ff29c3c <unknown>

2025-03-29 17:21:22,913 - WARNING - Alert encountered for 26459018: Alert Text: 同一画面で一定時間が経過しましたため、まもなくログアウトされます。処理中の場合は、いずれかのボタンを押してください。[UNM013780I]
Message: unexpected alert open: {Alert text : 同一画面で一定時間が経過しましたため、まもなくログアウトされます。処理中の場合は、いずれかのボタンを押してください。[UNM013780I]}
  (Session info: chrome=134.0.6998.165)
Stacktrace:
#0 0x5556940c4ffa <unknown>
#1 0x555693b83970 <unknown>
#2 0x555693c2221e <unknown>
#3 0x555693bfb063 <unknown>
#4 0x555693bc7328 <unknown>
#5 0x555693bc8491 <unknown>
#6 0x55569408c42b <unknown>
#7 0x5556940902ec <unknown>
#8 0x555694073a22 <unknown>
#9 0x555694090e64 <unknown>
#10 0x555694057bef <unknown>
#11 0x5556940b3558 <unknown>
#12 0x5556940b3736 <unknown>
#13 0x5556940c3e76 <unknown>
#14 0x7fd29829caa4 <unknown>
#15 0x7fd298329c3c <unknown>

2025-03-29 17:21:22,967 - WARNING - Failed to re-scrape 26459018 after 3 attempts
2025-03-29 17:25:08,115 - WARNING - Failed to re-scrape 23065814 after 3 attempts
2025-03-29 17:28:46,289 - WARNING - Alert encountered for 37604100: Alert Text: 同一画面で一定時間が経過しましたため、まもなくログアウトされます。処理中の場合は、いずれかのボタンを押してください。[UNM013780I]
Message: unexpected alert open: {Alert text : 同一画面で一定時間が経過しましたため、まもなくログアウトされます。処理中の場合は、いずれかのボタンを押してください。[UNM013780I]}
  (Session info: chrome=134.0.6998.165)
Stacktrace:
#0 0x563023619ffa <unknown>
#1 0x5630230d8970 <unknown>
#2 0x56302317721e <unknown>
#3 0x563023150063 <unknown>
#4 0x56302311c328 <unknown>
#5 0x56302311d491 <unknown>
#6 0x5630235e142b <unknown>
#7 0x5630235e52ec <unknown>
#8 0x5630235c8a22 <unknown>
#9 0x5630235e5e64 <unknown>
#10 0x5630235acbef <unknown>
#11 0x563023608558 <unknown>
#12 0x563023608736 <unknown>
#13 0x563023618e76 <unknown>
#14 0x7fcdff89caa4 <unknown>
#15 0x7fcdff929c3c <unknown>

2025-03-29 17:32:28,313 - WARNING - Alert encountered for 37604100: Alert Text: 同一画面で一定時間が経過しましたため、まもなくログアウトされます。処理中の場合は、いずれかのボタンを押してください。[UNM013780I]
Message: unexpected alert open: {Alert text : 同一画面で一定時間が経過しましたため、まもなくログアウトされます。処理中の場合は、いずれかのボタンを押してください。[UNM013780I]}
  (Session info: chrome=134.0.6998.165)
Stacktrace:
#0 0x55c348fe2ffa <unknown>
#1 0x55c348aa1970 <unknown>
#2 0x55c348b4021e <unknown>
#3 0x55c348b19063 <unknown>
#4 0x55c348ae5328 <unknown>
#5 0x55c348ae6491 <unknown>
#6 0x55c348faa42b <unknown>
#7 0x55c348fae2ec <unknown>
#8 0x55c348f91a22 <unknown>
#9 0x55c348faee64 <unknown>
#10 0x55c348f75bef <unknown>
#11 0x55c348fd1558 <unknown>
#12 0x55c348fd1736 <unknown>
#13 0x55c348fe1e76 <unknown>
#14 0x7f6af4c9caa4 <unknown>
#15 0x7f6af4d29c3c <unknown>

2025-03-29 17:36:11,665 - WARNING - Alert encountered for 37604100: Alert Text: 同一画面で一定時間が経過しましたため、まもなくログアウトされます。処理中の場合は、いずれかのボタンを押してください。[UNM013780I]
Message: unexpected alert open: {Alert text : 同一画面で一定時間が経過しましたため、まもなくログアウトされます。処理中の場合は、いずれかのボタンを押してください。[UNM013780I]}
  (Session info: chrome=134.0.6998.165)
Stacktrace:
#0 0x55bcad290ffa <unknown>
#1 0x55bcacd4f970 <unknown>
#2 0x55bcacdee21e <unknown>
#3 0x55bcacdc7063 <unknown>
#4 0x55bcacd93328 <unknown>
#5 0x55bcacd94491 <unknown>
#6 0x55bcad25842b <unknown>
#7 0x55bcad25c2ec <unknown>
#8 0x55bcad23fa22 <unknown>
#9 0x55bcad25ce64 <unknown>
#10 0x55bcad223bef <unknown>
#11 0x55bcad27f558 <unknown>
#12 0x55bcad27f736 <unknown>
#13 0x55bcad28fe76 <unknown>
#14 0x7f331d29caa4 <unknown>
#15 0x7f331d329c3c <unknown>

2025-03-29 17:36:11,718 - WARNING - Failed to re-scrape 37604100 after 3 attempts
2025-03-29 17:39:35,871 - WARNING - Alert encountered for 26411802: Alert Text: 同一画面で一定時間が経過しましたため、まもなくログアウトされます。処理中の場合は、いずれかのボタンを押してください。[UNM013780I]
Message: unexpected alert open: {Alert text : 同一画面で一定時間が経過しましたため、まもなくログアウトされます。処理中の場合は、いずれかのボタンを押してください。[UNM013780I]}
  (Session info: chrome=134.0.6998.165)
Stacktrace:
#0 0x55ae5fea5ffa <unknown>
#1 0x55ae5f964970 <unknown>
#2 0x55ae5fa0321e <unknown>
#3 0x55ae5f9dc063 <unknown>
#4 0x55ae5f9a8328 <unknown>
#5 0x55ae5f9a9491 <unknown>
#6 0x55ae5fe6d42b <unknown>
#7 0x55ae5fe712ec <unknown>
#8 0x55ae5fe54a22 <unknown>
#9 0x55ae5fe71e64 <unknown>
#10 0x55ae5fe38bef <unknown>
#11 0x55ae5fe94558 <unknown>
#12 0x55ae5fe94736 <unknown>
#13 0x55ae5fea4e76 <unknown>
#14 0x7f0749a9caa4 <unknown>
#15 0x7f0749b29c3c <unknown>

2025-03-29 17:43:06,660 - WARNING - Alert encountered for 26411802: Alert Text: 同一画面で一定時間が経過しましたため、まもなくログアウトされます。処理中の場合は、いずれかのボタンを押してください。[UNM013780I]
Message: unexpected alert open: {Alert text : 同一画面で一定時間が経過しましたため、まもなくログアウトされます。処理中の場合は、いずれかのボタンを押してください。[UNM013780I]}
  (Session info: chrome=134.0.6998.165)
Stacktrace:
#0 0x55dab20c0ffa <unknown>
#1 0x55dab1b7f970 <unknown>
#2 0x55dab1c1e21e <unknown>
#3 0x55dab1bf7063 <unknown>
#4 0x55dab1bc3328 <unknown>
#5 0x55dab1bc4491 <unknown>
#6 0x55dab208842b <unknown>
#7 0x55dab208c2ec <unknown>
#8 0x55dab206fa22 <unknown>
#9 0x55dab208ce64 <unknown>
#10 0x55dab2053bef <unknown>
#11 0x55dab20af558 <unknown>
#12 0x55dab20af736 <unknown>
#13 0x55dab20bfe76 <unknown>
#14 0x7f72c469caa4 <unknown>
#15 0x7f72c4729c3c <unknown>

2025-03-29 17:46:37,441 - WARNING - Alert encountered for 26411802: Alert Text: 同一画面で一定時間が経過しましたため、まもなくログアウトされます。処理中の場合は、いずれかのボタンを押してください。[UNM013780I]
Message: unexpected alert open: {Alert text : 同一画面で一定時間が経過しましたため、まもなくログアウトされます。処理中の場合は、いずれかのボタンを押してください。[UNM013780I]}
  (Session info: chrome=134.0.6998.165)
Stacktrace:
#0 0x55e1f5625ffa <unknown>
#1 0x55e1f50e4970 <unknown>
#2 0x55e1f518321e <unknown>
#3 0x55e1f515c063 <unknown>
#4 0x55e1f5128328 <unknown>
#5 0x55e1f5129491 <unknown>
#6 0x55e1f55ed42b <unknown>
#7 0x55e1f55f12ec <unknown>
#8 0x55e1f55d4a22 <unknown>
#9 0x55e1f55f1e64 <unknown>
#10 0x55e1f55b8bef <unknown>
#11 0x55e1f5614558 <unknown>
#12 0x55e1f5614736 <unknown>
#13 0x55e1f5624e76 <unknown>
#14 0x7f1ebc69caa4 <unknown>
#15 0x7f1ebc729c3c <unknown>

2025-03-29 17:46:37,496 - WARNING - Failed to re-scrape 26411802 after 3 attempts
2025-03-29 17:50:01,578 - WARNING - Alert encountered for 26459012: Alert Text: 同一画面で一定時間が経過しましたため、まもなくログアウトされます。処理中の場合は、いずれかのボタンを押してください。[UNM013780I]
Message: unexpected alert open: {Alert text : 同一画面で一定時間が経過しましたため、まもなくログアウトされます。処理中の場合は、いずれかのボタンを押してください。[UNM013780I]}
  (Session info: chrome=134.0.6998.165)
Stacktrace:
#0 0x5603fa139ffa <unknown>
#1 0x5603f9bf8970 <unknown>
#2 0x5603f9c9721e <unknown>
#3 0x5603f9c70063 <unknown>
#4 0x5603f9c3c328 <unknown>
#5 0x5603f9c3d491 <unknown>
#6 0x5603fa10142b <unknown>
#7 0x5603fa1052ec <unknown>
#8 0x5603fa0e8a22 <unknown>
#9 0x5603fa105e64 <unknown>
#10 0x5603fa0ccbef <unknown>
#11 0x5603fa128558 <unknown>
#12 0x5603fa128736 <unknown>
#13 0x5603fa138e76 <unknown>
#14 0x7f560069caa4 <unknown>
#15 0x7f5600729c3c <unknown>

2025-03-29 17:53:32,928 - ERROR - Error for 26459012: 'NoneType' object has no attribute 'click'
2025-03-29 17:57:03,051 - WARNING - Alert encountered for 26459012: Alert Text: 同一画面で一定時間が経過しましたため、まもなくログアウトされます。処理中の場合は、いずれかのボタンを押してください。[UNM013780I]
Message: unexpected alert open: {Alert text : 同一画面で一定時間が経過しましたため、まもなくログアウトされます。処理中の場合は、いずれかのボタンを押してください。[UNM013780I]}
  (Session info: chrome=134.0.6998.165)
Stacktrace:
#0 0x55948befdffa <unknown>
#1 0x55948b9bc970 <unknown>
#2 0x55948ba5b21e <unknown>
#3 0x55948ba34063 <unknown>
#4 0x55948ba00328 <unknown>
#5 0x55948ba01491 <unknown>
#6 0x55948bec542b <unknown>
#7 0x55948bec92ec <unknown>
#8 0x55948beaca22 <unknown>
#9 0x55948bec9e64 <unknown>
#10 0x55948be90bef <unknown>
#11 0x55948beec558 <unknown>
#12 0x55948beec736 <unknown>
#13 0x55948befce76 <unknown>
#14 0x7faa3b49caa4 <unknown>
#15 0x7faa3b529c3c <unknown>

2025-03-29 17:57:03,106 - WARNING - Failed to re-scrape 26459012 after 3 attempts
2025-03-29 18:00:27,702 - WARNING - Alert encountered for 26410300: Alert Text: 同一画面で一定時間が経過しましたため、まもなくログアウトされます。処理中の場合は、いずれかのボタンを押してください。[UNM013780I]
Message: unexpected alert open: {Alert text : 同一画面で一定時間が経過しましたため、まもなくログアウトされます。処理中の場合は、いずれかのボタンを押してください。[UNM013780I]}
  (Session info: chrome=134.0.6998.165)
Stacktrace:
#0 0x56075adb4ffa <unknown>
#1 0x56075a873970 <unknown>
#2 0x56075a91221e <unknown>
#3 0x56075a8eb063 <unknown>
#4 0x56075a8b7328 <unknown>
#5 0x56075a8b8491 <unknown>
#6 0x56075ad7c42b <unknown>
#7 0x56075ad802ec <unknown>
#8 0x56075ad63a22 <unknown>
#9 0x56075ad80e64 <unknown>
#10 0x56075ad47bef <unknown>
#11 0x56075ada3558 <unknown>
#12 0x56075ada3736 <unknown>
#13 0x56075adb3e76 <unknown>
#14 0x7f0e2669caa4 <unknown>
#15 0x7f0e26729c3c <unknown>

2025-03-29 18:04:00,244 - WARNING - Alert encountered for 26410300: Alert Text: 同一画面で一定時間が経過しましたため、まもなくログアウトされます。処理中の場合は、いずれかのボタンを押してください。[UNM013780I]
Message: unexpected alert open: {Alert text : 同一画面で一定時間が経過しましたため、まもなくログアウトされます。処理中の場合は、いずれかのボタンを押してください。[UNM013780I]}
  (Session info: chrome=134.0.6998.165)
Stacktrace:
#0 0x556497007ffa <unknown>
#1 0x556496ac6970 <unknown>
#2 0x556496b6521e <unknown>
#3 0x556496b3e063 <unknown>
#4 0x556496b0a328 <unknown>
#5 0x556496b0b491 <unknown>
#6 0x556496fcf42b <unknown>
#7 0x556496fd32ec <unknown>
#8 0x556496fb6a22 <unknown>
#9 0x556496fd3e64 <unknown>
#10 0x556496f9abef <unknown>
#11 0x556496ff6558 <unknown>
#12 0x556496ff6736 <unknown>
#13 0x556497006e76 <unknown>
#14 0x7fa7d2a9caa4 <unknown>
#15 0x7fa7d2b29c3c <unknown>

2025-03-29 18:07:29,619 - WARNING - Alert encountered for 26410300: Alert Text: 同一画面で一定時間が経過しましたため、まもなくログアウトされます。処理中の場合は、いずれかのボタンを押してください。[UNM013780I]
Message: unexpected alert open: {Alert text : 同一画面で一定時間が経過しましたため、まもなくログアウトされます。処理中の場合は、いずれかのボタンを押してください。[UNM013780I]}
  (Session info: chrome=134.0.6998.165)
Stacktrace:
#0 0x561b3149dffa <unknown>
#1 0x561b30f5c970 <unknown>
#2 0x561b30ffb21e <unknown>
#3 0x561b30fd4063 <unknown>
#4 0x561b30fa0328 <unknown>
#5 0x561b30fa1491 <unknown>
#6 0x561b3146542b <unknown>
#7 0x561b314692ec <unknown>
#8 0x561b3144ca22 <unknown>
#9 0x561b31469e64 <unknown>
#10 0x561b31430bef <unknown>
#11 0x561b3148c558 <unknown>
#12 0x561b3148c736 <unknown>
#13 0x561b3149ce76 <unknown>
#14 0x7ff13c89caa4 <unknown>
#15 0x7ff13c929c3c <unknown>

2025-03-29 18:07:29,672 - WARNING - Failed to re-scrape 26410300 after 3 attempts
2025-03-29 18:10:57,667 - WARNING - Alert encountered for 26459022: Alert Text: 同一画面で一定時間が経過しましたため、まもなくログアウトされます。処理中の場合は、いずれかのボタンを押してください。[UNM013780I]
Message: unexpected alert open: {Alert text : 同一画面で一定時間が経過しましたため、まもなくログアウトされます。処理中の場合は、いずれかのボタンを押してください。[UNM013780I]}
  (Session info: chrome=134.0.6998.165)
Stacktrace:
#0 0x56366a11fffa <unknown>
#1 0x563669bde970 <unknown>
#2 0x563669c7d21e <unknown>
#3 0x563669c56063 <unknown>
#4 0x563669c22328 <unknown>
#5 0x563669c23491 <unknown>
#6 0x56366a0e742b <unknown>
#7 0x56366a0eb2ec <unknown>
#8 0x56366a0cea22 <unknown>
#9 0x56366a0ebe64 <unknown>
#10 0x56366a0b2bef <unknown>
#11 0x56366a10e558 <unknown>
#12 0x56366a10e736 <unknown>
#13 0x56366a11ee76 <unknown>
#14 0x7fa69d89caa4 <unknown>
#15 0x7fa69d929c3c <unknown>

2025-03-29 18:14:31,154 - WARNING - Alert encountered for 26459022: Alert Text: 同一画面で一定時間が経過しましたため、まもなくログアウトされます。処理中の場合は、いずれかのボタンを押してください。[UNM013780I]
Message: unexpected alert open: {Alert text : 同一画面で一定時間が経過しましたため、まもなくログアウトされます。処理中の場合は、いずれかのボタンを押してください。[UNM013780I]}
  (Session info: chrome=134.0.6998.165)
Stacktrace:
#0 0x556c789faffa <unknown>
#1 0x556c784b9970 <unknown>
#2 0x556c7855821e <unknown>
#3 0x556c78531063 <unknown>
#4 0x556c784fd328 <unknown>
#5 0x556c784fe491 <unknown>
#6 0x556c789c242b <unknown>
#7 0x556c789c62ec <unknown>
#8 0x556c789a9a22 <unknown>
#9 0x556c789c6e64 <unknown>
#10 0x556c7898dbef <unknown>
#11 0x556c789e9558 <unknown>
#12 0x556c789e9736 <unknown>
#13 0x556c789f9e76 <unknown>
#14 0x7f457c89caa4 <unknown>
#15 0x7f457c929c3c <unknown>

2025-03-29 18:17:58,095 - WARNING - Alert encountered for 26459022: Alert Text: 同一画面で一定時間が経過しましたため、まもなくログアウトされます。処理中の場合は、いずれかのボタンを押してください。[UNM013780I]
Message: unexpected alert open: {Alert text : 同一画面で一定時間が経過しましたため、まもなくログアウトされます。処理中の場合は、いずれかのボタンを押してください。[UNM013780I]}
  (Session info: chrome=134.0.6998.165)
Stacktrace:
#0 0x555a2f0feffa <unknown>
#1 0x555a2ebbd970 <unknown>
#2 0x555a2ec5c21e <unknown>
#3 0x555a2ec35063 <unknown>
#4 0x555a2ec01328 <unknown>
#5 0x555a2ec02491 <unknown>
#6 0x555a2f0c642b <unknown>
#7 0x555a2f0ca2ec <unknown>
#8 0x555a2f0ada22 <unknown>
#9 0x555a2f0cae64 <unknown>
#10 0x555a2f091bef <unknown>
#11 0x555a2f0ed558 <unknown>
#12 0x555a2f0ed736 <unknown>
#13 0x555a2f0fde76 <unknown>
#14 0x7f8dd429caa4 <unknown>
#15 0x7f8dd4329c3c <unknown>

2025-03-29 18:17:58,149 - WARNING - Failed to re-scrape 26459022 after 3 attempts
2025-03-29 18:21:26,472 - WARNING - Alert encountered for 26459014: Alert Text: 同一画面で一定時間が経過しましたため、まもなくログアウトされます。処理中の場合は、いずれかのボタンを押してください。[UNM013780I]
Message: unexpected alert open: {Alert text : 同一画面で一定時間が経過しましたため、まもなくログアウトされます。処理中の場合は、いずれかのボタンを押してください。[UNM013780I]}
  (Session info: chrome=134.0.6998.165)
Stacktrace:
#0 0x560c82051ffa <unknown>
#1 0x560c81b10970 <unknown>
#2 0x560c81baf21e <unknown>
#3 0x560c81b88063 <unknown>
#4 0x560c81b54328 <unknown>
#5 0x560c81b55491 <unknown>
#6 0x560c8201942b <unknown>
#7 0x560c8201d2ec <unknown>
#8 0x560c82000a22 <unknown>
#9 0x560c8201de64 <unknown>
#10 0x560c81fe4bef <unknown>
#11 0x560c82040558 <unknown>
#12 0x560c82040736 <unknown>
#13 0x560c82050e76 <unknown>
#14 0x7fc29de9caa4 <unknown>
#15 0x7fc29df29c3c <unknown>

2025-03-29 18:24:51,116 - WARNING - Alert encountered for 26459014: Alert Text: 同一画面で一定時間が経過しましたため、まもなくログアウトされます。処理中の場合は、いずれかのボタンを押してください。[UNM013780I]
Message: unexpected alert open: {Alert text : 同一画面で一定時間が経過しましたため、まもなくログアウトされます。処理中の場合は、いずれかのボタンを押してください。[UNM013780I]}
  (Session info: chrome=134.0.6998.165)
Stacktrace:
#0 0x55cde62feffa <unknown>
#1 0x55cde5dbd970 <unknown>
#2 0x55cde5e5c21e <unknown>
#3 0x55cde5e35063 <unknown>
#4 0x55cde5e01328 <unknown>
#5 0x55cde5e02491 <unknown>
#6 0x55cde62c642b <unknown>
#7 0x55cde62ca2ec <unknown>
#8 0x55cde62ada22 <unknown>
#9 0x55cde62cae64 <unknown>
#10 0x55cde6291bef <unknown>
#11 0x55cde62ed558 <unknown>
#12 0x55cde62ed736 <unknown>
#13 0x55cde62fde76 <unknown>
#14 0x7f6dade9caa4 <unknown>
#15 0x7f6dadf29c3c <unknown>

2025-03-29 18:28:24,313 - WARNING - Alert encountered for 26459014: Alert Text: 同一画面で一定時間が経過しましたため、まもなくログアウトされます。処理中の場合は、いずれかのボタンを押してください。[UNM013780I]
Message: unexpected alert open: {Alert text : 同一画面で一定時間が経過しましたため、まもなくログアウトされます。処理中の場合は、いずれかのボタンを押してください。[UNM013780I]}
  (Session info: chrome=134.0.6998.165)
Stacktrace:
#0 0x55e0baa29ffa <unknown>
#1 0x55e0ba4e8970 <unknown>
#2 0x55e0ba58721e <unknown>
#3 0x55e0ba560063 <unknown>
#4 0x55e0ba52c328 <unknown>
#5 0x55e0ba52d491 <unknown>
#6 0x55e0ba9f142b <unknown>
#7 0x55e0ba9f52ec <unknown>
#8 0x55e0ba9d8a22 <unknown>
#9 0x55e0ba9f5e64 <unknown>
#10 0x55e0ba9bcbef <unknown>
#11 0x55e0baa18558 <unknown>
#12 0x55e0baa18736 <unknown>
#13 0x55e0baa28e76 <unknown>
#14 0x7ff2faa9caa4 <unknown>
#15 0x7ff2fab29c3c <unknown>

2025-03-29 18:28:24,366 - WARNING - Failed to re-scrape 26459014 after 3 attempts
2025-03-29 18:31:46,939 - WARNING - Alert encountered for 26421600: Alert Text: 同一画面で一定時間が経過しましたため、まもなくログアウトされます。処理中の場合は、いずれかのボタンを押してください。[UNM013780I]
Message: unexpected alert open: {Alert text : 同一画面で一定時間が経過しましたため、まもなくログアウトされます。処理中の場合は、いずれかのボタンを押してください。[UNM013780I]}
  (Session info: chrome=134.0.6998.165)
Stacktrace:
#0 0x5653fb404ffa <unknown>
#1 0x5653faec3970 <unknown>
#2 0x5653faf6221e <unknown>
#3 0x5653faf3b063 <unknown>
#4 0x5653faf07328 <unknown>
#5 0x5653faf08491 <unknown>
#6 0x5653fb3cc42b <unknown>
#7 0x5653fb3d02ec <unknown>
#8 0x5653fb3b3a22 <unknown>
#9 0x5653fb3d0e64 <unknown>
#10 0x5653fb397bef <unknown>
#11 0x5653fb3f3558 <unknown>
#12 0x5653fb3f3736 <unknown>
#13 0x5653fb403e76 <unknown>
#14 0x7f5a0a29caa4 <unknown>
#15 0x7f5a0a329c3c <unknown>

2025-03-29 18:35:20,341 - WARNING - Alert encountered for 26421600: Alert Text: 同一画面で一定時間が経過しましたため、まもなくログアウトされます。処理中の場合は、いずれかのボタンを押してください。[UNM013780I]
Message: unexpected alert open: {Alert text : 同一画面で一定時間が経過しましたため、まもなくログアウトされます。処理中の場合は、いずれかのボタンを押してください。[UNM013780I]}
  (Session info: chrome=134.0.6998.165)
Stacktrace:
#0 0x55e176a66ffa <unknown>
#1 0x55e176525970 <unknown>
#2 0x55e1765c421e <unknown>
#3 0x55e17659d063 <unknown>
#4 0x55e176569328 <unknown>
#5 0x55e17656a491 <unknown>
#6 0x55e176a2e42b <unknown>
#7 0x55e176a322ec <unknown>
#8 0x55e176a15a22 <unknown>
#9 0x55e176a32e64 <unknown>
#10 0x55e1769f9bef <unknown>
#11 0x55e176a55558 <unknown>
#12 0x55e176a55736 <unknown>
#13 0x55e176a65e76 <unknown>
#14 0x7fdfa189caa4 <unknown>
#15 0x7fdfa1929c3c <unknown>

2025-03-29 18:38:52,570 - WARNING - Alert encountered for 26421600: Alert Text: 同一画面で一定時間が経過しましたため、まもなくログアウトされます。処理中の場合は、いずれかのボタンを押してください。[UNM013780I]
Message: unexpected alert open: {Alert text : 同一画面で一定時間が経過しましたため、まもなくログアウトされます。処理中の場合は、いずれかのボタンを押してください。[UNM013780I]}
  (Session info: chrome=134.0.6998.165)
Stacktrace:
#0 0x55835fdb3ffa <unknown>
#1 0x55835f872970 <unknown>
#2 0x55835f91121e <unknown>
#3 0x55835f8ea063 <unknown>
#4 0x55835f8b6328 <unknown>
#5 0x55835f8b7491 <unknown>
#6 0x55835fd7b42b <unknown>
#7 0x55835fd7f2ec <unknown>
#8 0x55835fd62a22 <unknown>
#9 0x55835fd7fe64 <unknown>
#10 0x55835fd46bef <unknown>
#11 0x55835fda2558 <unknown>
#12 0x55835fda2736 <unknown>
#13 0x55835fdb2e76 <unknown>
#14 0x7faf1ca9caa4 <unknown>
#15 0x7faf1cb29c3c <unknown>

2025-03-29 18:38:52,625 - WARNING - Failed to re-scrape 26421600 after 3 attempts
2025-03-29 18:42:18,386 - WARNING - Alert encountered for 26459025: Alert Text: 同一画面で一定時間が経過しましたため、まもなくログアウトされます。処理中の場合は、いずれかのボタンを押してください。[UNM013780I]
Message: unexpected alert open: {Alert text : 同一画面で一定時間が経過しましたため、まもなくログアウトされます。処理中の場合は、いずれかのボタンを押してください。[UNM013780I]}
  (Session info: chrome=134.0.6998.165)
Stacktrace:
#0 0x55f3f4747ffa <unknown>
#1 0x55f3f4206970 <unknown>
#2 0x55f3f42a521e <unknown>
#3 0x55f3f427e063 <unknown>
#4 0x55f3f424a328 <unknown>
#5 0x55f3f424b491 <unknown>
#6 0x55f3f470f42b <unknown>
#7 0x55f3f47132ec <unknown>
#8 0x55f3f46f6a22 <unknown>
#9 0x55f3f4713e64 <unknown>
#10 0x55f3f46dabef <unknown>
#11 0x55f3f4736558 <unknown>
#12 0x55f3f4736736 <unknown>
#13 0x55f3f4746e76 <unknown>
#14 0x7fe81d09caa4 <unknown>
#15 0x7fe81d129c3c <unknown>

2025-03-29 18:45:54,384 - WARNING - Alert encountered for 26459025: Alert Text: 同一画面で一定時間が経過しましたため、まもなくログアウトされます。処理中の場合は、いずれかのボタンを押してください。[UNM013780I]
Message: unexpected alert open: {Alert text : 同一画面で一定時間が経過しましたため、まもなくログアウトされます。処理中の場合は、いずれかのボタンを押してください。[UNM013780I]}
  (Session info: chrome=134.0.6998.165)
Stacktrace:
#0 0x5614ae2faffa <unknown>
#1 0x5614addb9970 <unknown>
#2 0x5614ade5821e <unknown>
#3 0x5614ade31063 <unknown>
#4 0x5614addfd328 <unknown>
#5 0x5614addfe491 <unknown>
#6 0x5614ae2c242b <unknown>
#7 0x5614ae2c62ec <unknown>
#8 0x5614ae2a9a22 <unknown>
#9 0x5614ae2c6e64 <unknown>
#10 0x5614ae28dbef <unknown>
#11 0x5614ae2e9558 <unknown>
#12 0x5614ae2e9736 <unknown>
#13 0x5614ae2f9e76 <unknown>
#14 0x7f9a91a9caa4 <unknown>
#15 0x7f9a91b29c3c <unknown>

2025-03-29 18:49:21,052 - WARNING - Alert encountered for 26459025: Alert Text: 同一画面で一定時間が経過しましたため、まもなくログアウトされます。処理中の場合は、いずれかのボタンを押してください。[UNM013780I]
Message: unexpected alert open: {Alert text : 同一画面で一定時間が経過しましたため、まもなくログアウトされます。処理中の場合は、いずれかのボタンを押してください。[UNM013780I]}
  (Session info: chrome=134.0.6998.165)
Stacktrace:
#0 0x56070b4b7ffa <unknown>
#1 0x56070af76970 <unknown>
#2 0x56070b01521e <unknown>
#3 0x56070afee063 <unknown>
#4 0x56070afba328 <unknown>
#5 0x56070afbb491 <unknown>
#6 0x56070b47f42b <unknown>
#7 0x56070b4832ec <unknown>
#8 0x56070b466a22 <unknown>
#9 0x56070b483e64 <unknown>
#10 0x56070b44abef <unknown>
#11 0x56070b4a6558 <unknown>
#12 0x56070b4a6736 <unknown>
#13 0x56070b4b6e76 <unknown>
#14 0x7f77a689caa4 <unknown>
#15 0x7f77a6929c3c <unknown>

2025-03-29 18:49:21,105 - WARNING - Failed to re-scrape 26459025 after 3 attempts
2025-03-29 18:52:48,376 - WARNING - Alert encountered for 26459027: Alert Text: 同一画面で一定時間が経過しましたため、まもなくログアウトされます。処理中の場合は、いずれかのボタンを押してください。[UNM013780I]
Message: unexpected alert open: {Alert text : 同一画面で一定時間が経過しましたため、まもなくログアウトされます。処理中の場合は、いずれかのボタンを押してください。[UNM013780I]}
  (Session info: chrome=134.0.6998.165)
Stacktrace:
#0 0x55f29e839ffa <unknown>
#1 0x55f29e2f8970 <unknown>
#2 0x55f29e3070d1 <unknown>
#3 0x55f29e30d4cb <unknown>
#4 0x55f29e2de890 <unknown>
#5 0x55f29e3065c5 <unknown>
#6 0x55f29e3965e3 <unknown>
#7 0x55f29e370063 <unknown>
#8 0x55f29e33c328 <unknown>
#9 0x55f29e33d491 <unknown>
#10 0x55f29e80142b <unknown>
#11 0x55f29e8052ec <unknown>
#12 0x55f29e7e8a22 <unknown>
#13 0x55f29e805e64 <unknown>
#14 0x55f29e7ccbef <unknown>
#15 0x55f29e828558 <unknown>
#16 0x55f29e828736 <unknown>
#17 0x55f29e838e76 <unknown>
#18 0x7f4a78e9caa4 <unknown>
#19 0x7f4a78f29c3c <unknown>

2025-03-29 18:56:15,921 - WARNING - Alert encountered for 26459027: Alert Text: 同一画面で一定時間が経過しましたため、まもなくログアウトされます。処理中の場合は、いずれかのボタンを押してください。[UNM013780I]
Message: unexpected alert open: {Alert text : 同一画面で一定時間が経過しましたため、まもなくログアウトされます。処理中の場合は、いずれかのボタンを押してください。[UNM013780I]}
  (Session info: chrome=134.0.6998.165)
Stacktrace:
#0 0x56328839fffa <unknown>
#1 0x563287e5e970 <unknown>
#2 0x563287efd21e <unknown>
#3 0x563287ed6063 <unknown>
#4 0x563287ea2328 <unknown>
#5 0x563287ea3491 <unknown>
#6 0x56328836742b <unknown>
#7 0x56328836b2ec <unknown>
#8 0x56328834ea22 <unknown>
#9 0x56328836be64 <unknown>
#10 0x563288332bef <unknown>
#11 0x56328838e558 <unknown>
#12 0x56328838e736 <unknown>
#13 0x56328839ee76 <unknown>
#14 0x7f451d09caa4 <unknown>
#15 0x7f451d129c3c <unknown>

2025-03-29 18:59:48,977 - WARNING - Alert encountered for 26459027: Alert Text: 同一画面で一定時間が経過しましたため、まもなくログアウトされます。処理中の場合は、いずれかのボタンを押してください。[UNM013780I]
Message: unexpected alert open: {Alert text : 同一画面で一定時間が経過しましたため、まもなくログアウトされます。処理中の場合は、いずれかのボタンを押してください。[UNM013780I]}
  (Session info: chrome=134.0.6998.165)
Stacktrace:
#0 0x55cda02ceffa <unknown>
#1 0x55cd9fd8d970 <unknown>
#2 0x55cd9fe2c21e <unknown>
#3 0x55cd9fe05063 <unknown>
#4 0x55cd9fdd1328 <unknown>
#5 0x55cd9fdd2491 <unknown>
#6 0x55cda029642b <unknown>
#7 0x55cda029a2ec <unknown>
#8 0x55cda027da22 <unknown>
#9 0x55cda029ae64 <unknown>
#10 0x55cda0261bef <unknown>
#11 0x55cda02bd558 <unknown>
#12 0x55cda02bd736 <unknown>
#13 0x55cda02cde76 <unknown>
#14 0x7f6cb789caa4 <unknown>
#15 0x7f6cb7929c3c <unknown>

2025-03-29 18:59:49,030 - WARNING - Failed to re-scrape 26459027 after 3 attempts
