2025-03-31 01:38:06,922 - root - INFO - Selected department value: 21
2025-03-31 01:38:07,127 - root - INFO - Set year to 2025
2025-03-31 01:38:10,352 - root - INFO - Successfully clicked element: name=ESearch
2025-03-31 01:38:14,316 - root - INFO - Successfully clicked element: name=ERefer
2025-03-31 01:38:16,560 - root - INFO - Selected department value: 21
2025-03-31 01:38:16,613 - root - INFO - Set year to 2025
2025-03-31 01:38:19,684 - root - INFO - Successfully clicked element: name=ESearch
2025-03-31 01:38:23,020 - root - INFO - Successfully clicked element: name=ERefer
2025-03-31 01:38:25,074 - root - INFO - Selected department value: 21
2025-03-31 01:38:25,129 - root - INFO - Set year to 2025
2025-03-31 01:38:28,152 - root - INFO - Successfully clicked element: name=ESearch
2025-03-31 01:38:31,471 - root - INFO - Successfully clicked element: name=ERefer
2025-03-31 01:38:33,369 - root - INFO - Selected department value: 21
2025-03-31 01:38:33,429 - root - INFO - Set year to 2025
2025-03-31 01:38:36,439 - root - INFO - Successfully clicked element: name=ESearch
2025-03-31 01:38:39,807 - root - INFO - Successfully clicked element: name=ERefer
2025-03-31 01:38:41,688 - root - INFO - Selected department value: 21
2025-03-31 01:38:41,740 - root - INFO - Set year to 2025
2025-03-31 01:38:44,735 - root - INFO - Successfully clicked element: name=ESearch
2025-03-31 01:38:48,078 - root - INFO - Successfully clicked element: name=ERefer
2025-03-31 01:38:49,972 - root - INFO - Selected department value: 21
2025-03-31 01:38:50,024 - root - INFO - Set year to 2025
2025-03-31 01:38:53,047 - root - INFO - Successfully clicked element: name=ESearch
2025-03-31 01:38:56,372 - root - INFO - Successfully clicked element: name=ERefer
2025-03-31 01:38:58,231 - root - INFO - Selected department value: 21
2025-03-31 01:38:58,284 - root - INFO - Set year to 2025
2025-03-31 01:38:58,339 - root - INFO - Successfully clicked element: name=ESearch
2025-03-31 01:39:04,654 - root - INFO - Successfully clicked element: name=ERefer
2025-03-31 01:39:06,541 - root - INFO - Selected department value: 21
2025-03-31 01:39:06,593 - root - INFO - Set year to 2025
2025-03-31 01:39:10,334 - root - INFO - Successfully clicked element: name=ESearch
2025-03-31 01:39:13,681 - root - INFO - Successfully clicked element: name=ERefer
2025-03-31 01:39:15,602 - root - INFO - Selected department value: 21
2025-03-31 01:39:15,654 - root - INFO - Set year to 2025
2025-03-31 01:39:18,673 - root - INFO - Successfully clicked element: name=ESearch
2025-03-31 01:39:22,086 - root - INFO - Successfully clicked element: name=ERefer
2025-03-31 01:39:23,969 - root - INFO - Selected department value: 21
2025-03-31 01:39:24,021 - root - INFO - Set year to 2025
2025-03-31 01:39:24,077 - root - INFO - Successfully clicked element: name=ESearch
2025-03-31 01:39:30,388 - root - INFO - Successfully clicked element: name=ERefer
2025-03-31 01:39:32,257 - root - INFO - Selected department value: 21
2025-03-31 01:39:32,310 - root - INFO - Set year to 2025
2025-03-31 01:39:35,384 - root - INFO - Successfully clicked element: name=ESearch
2025-03-31 01:39:38,726 - root - INFO - Successfully clicked element: name=ERefer
2025-03-31 01:39:40,603 - root - INFO - Selected department value: 21
2025-03-31 01:39:40,656 - root - INFO - Set year to 2025
2025-03-31 01:39:43,666 - root - INFO - Successfully clicked element: name=ESearch
2025-03-31 01:39:47,026 - root - INFO - Successfully clicked element: name=ERefer
2025-03-31 01:39:48,892 - root - INFO - Selected department value: 21
2025-03-31 01:39:48,946 - root - INFO - Set year to 2025
2025-03-31 01:39:51,950 - root - INFO - Successfully clicked element: name=ESearch
2025-03-31 01:39:55,273 - root - INFO - Successfully clicked element: name=ERefer
2025-03-31 01:39:57,149 - root - INFO - Selected department value: 21
2025-03-31 01:39:57,203 - root - INFO - Set year to 2025
2025-03-31 01:40:00,218 - root - INFO - Successfully clicked element: name=ESearch
2025-03-31 01:40:03,533 - root - INFO - Successfully clicked element: name=ERefer
2025-03-31 01:40:05,385 - root - INFO - Selected department value: 21
2025-03-31 01:40:05,437 - root - INFO - Set year to 2025
2025-03-31 01:40:08,447 - root - INFO - Successfully clicked element: name=ESearch
2025-03-31 01:40:11,785 - root - INFO - Successfully clicked element: name=ERefer
2025-03-31 01:40:13,719 - root - INFO - Selected department value: 21
2025-03-31 01:40:13,774 - root - INFO - Set year to 2025
2025-03-31 01:40:16,784 - root - INFO - Successfully clicked element: name=ESearch
2025-03-31 01:40:20,131 - root - INFO - Successfully clicked element: name=ERefer
2025-03-31 01:40:22,006 - root - INFO - Selected department value: 21
2025-03-31 01:40:22,059 - root - INFO - Set year to 2025
2025-03-31 01:40:25,086 - root - INFO - Successfully clicked element: name=ESearch
2025-03-31 01:40:28,396 - root - INFO - Successfully clicked element: name=ERefer
2025-03-31 01:40:30,273 - root - INFO - Selected department value: 21
2025-03-31 01:40:30,326 - root - INFO - Set year to 2025
2025-03-31 01:40:33,326 - root - INFO - Successfully clicked element: name=ESearch
2025-03-31 01:40:36,663 - root - INFO - Successfully clicked element: name=ERefer
2025-03-31 01:40:38,525 - root - INFO - Selected department value: 21
2025-03-31 01:40:38,579 - root - INFO - Set year to 2025
2025-03-31 01:40:40,798 - root - INFO - Successfully clicked element: name=ESearch
2025-03-31 01:40:44,115 - root - INFO - Successfully clicked element: name=ERefer
2025-03-31 01:40:46,058 - root - INFO - Selected department value: 21
2025-03-31 01:40:46,114 - root - INFO - Set year to 2025
2025-03-31 01:40:46,171 - root - INFO - Successfully clicked element: name=ESearch
2025-03-31 01:40:52,466 - root - INFO - Successfully clicked element: name=ERefer
2025-03-31 01:40:54,365 - root - INFO - Selected department value: 21
2025-03-31 01:40:54,417 - root - INFO - Set year to 2025
2025-03-31 01:40:56,633 - root - INFO - Successfully clicked element: name=ESearch
2025-03-31 01:40:59,962 - root - INFO - Successfully clicked element: name=ERefer
2025-03-31 01:41:01,910 - root - INFO - Selected department value: 21
2025-03-31 01:41:01,964 - root - INFO - Set year to 2025
2025-03-31 01:41:02,022 - root - INFO - Successfully clicked element: name=ESearch
2025-03-31 01:41:08,301 - root - INFO - Successfully clicked element: name=ERefer
2025-03-31 01:41:10,814 - root - INFO - Selected department value: 21
2025-03-31 01:41:10,870 - root - INFO - Set year to 2025
2025-03-31 01:41:13,789 - root - INFO - Successfully clicked element: name=ESearch
2025-03-31 01:41:17,129 - root - INFO - Successfully clicked element: name=ERefer
2025-03-31 01:41:19,073 - root - INFO - Selected department value: 21
2025-03-31 01:41:19,134 - root - INFO - Set year to 2025
2025-03-31 01:41:22,169 - root - INFO - Successfully clicked element: name=ESearch
2025-03-31 01:41:25,567 - root - INFO - Successfully clicked element: name=ERefer
2025-03-31 01:41:27,582 - root - INFO - Selected department value: 21
2025-03-31 01:41:27,640 - root - INFO - Set year to 2025
2025-03-31 01:41:30,666 - root - INFO - Successfully clicked element: name=ESearch
2025-03-31 01:41:33,979 - root - INFO - Successfully clicked element: name=ERefer
2025-03-31 01:41:35,856 - root - INFO - Selected department value: 21
2025-03-31 01:41:35,909 - root - INFO - Set year to 2025
2025-03-31 01:41:38,946 - root - INFO - Successfully clicked element: name=ESearch
2025-03-31 01:41:42,284 - root - INFO - Successfully clicked element: name=ERefer
2025-03-31 01:41:44,170 - root - INFO - Selected department value: 21
2025-03-31 01:41:44,223 - root - INFO - Set year to 2025
2025-03-31 01:41:47,243 - root - INFO - Successfully clicked element: name=ESearch
2025-03-31 01:41:50,568 - root - INFO - Successfully clicked element: name=ERefer
2025-03-31 01:41:52,448 - root - INFO - Selected department value: 21
2025-03-31 01:41:52,504 - root - INFO - Set year to 2025
2025-03-31 01:41:55,534 - root - INFO - Successfully clicked element: name=ESearch
2025-03-31 01:41:58,929 - root - INFO - Successfully clicked element: name=ERefer
2025-03-31 01:42:00,914 - root - INFO - Selected department value: 21
2025-03-31 01:42:00,976 - root - INFO - Set year to 2025
2025-03-31 01:42:04,018 - root - INFO - Successfully clicked element: name=ESearch
2025-03-31 01:42:07,381 - root - INFO - Successfully clicked element: name=ERefer
2025-03-31 01:42:09,332 - root - INFO - Selected department value: 21
2025-03-31 01:42:09,385 - root - INFO - Set year to 2025
2025-03-31 01:42:12,475 - root - INFO - Successfully clicked element: name=ESearch
2025-03-31 01:42:15,808 - root - INFO - Successfully clicked element: name=ERefer
2025-03-31 01:42:17,692 - root - INFO - Selected department value: 21
2025-03-31 01:42:17,747 - root - INFO - Set year to 2025
2025-03-31 01:42:17,803 - root - INFO - Successfully clicked element: name=ESearch
2025-03-31 01:42:24,172 - root - INFO - Successfully clicked element: name=ERefer
2025-03-31 01:42:26,085 - root - INFO - Selected department value: 21
2025-03-31 01:42:26,140 - root - INFO - Set year to 2025
2025-03-31 01:42:29,159 - root - INFO - Successfully clicked element: name=ESearch
2025-03-31 01:42:32,482 - root - INFO - Successfully clicked element: name=ERefer
2025-03-31 01:42:34,368 - root - INFO - Selected department value: 21
2025-03-31 01:42:34,427 - root - INFO - Set year to 2025
2025-03-31 01:42:34,483 - root - INFO - Successfully clicked element: name=ESearch
2025-03-31 01:42:40,807 - root - INFO - Successfully clicked element: name=ERefer
2025-03-31 01:42:42,704 - root - INFO - Selected department value: 21
2025-03-31 01:42:42,759 - root - INFO - Set year to 2025
2025-03-31 01:42:42,815 - root - INFO - Successfully clicked element: name=ESearch
2025-03-31 01:42:49,101 - root - INFO - Successfully clicked element: name=ERefer
2025-03-31 01:42:51,036 - root - INFO - Selected department value: 21
2025-03-31 01:42:51,089 - root - INFO - Set year to 2025
2025-03-31 01:42:54,124 - root - INFO - Successfully clicked element: name=ESearch
2025-03-31 01:42:57,454 - root - INFO - Successfully clicked element: name=ERefer
2025-03-31 01:42:59,362 - root - INFO - Selected department value: 21
2025-03-31 01:42:59,415 - root - INFO - Set year to 2025
2025-03-31 01:43:02,447 - root - INFO - Successfully clicked element: name=ESearch
2025-03-31 01:43:05,764 - root - INFO - Successfully clicked element: name=ERefer
2025-03-31 01:43:07,668 - root - INFO - Selected department value: 21
2025-03-31 01:43:07,724 - root - INFO - Set year to 2025
2025-03-31 01:43:07,779 - root - INFO - Successfully clicked element: name=ESearch
2025-03-31 01:43:14,094 - root - INFO - Successfully clicked element: name=ERefer
2025-03-31 01:43:15,956 - root - INFO - Selected department value: 21
2025-03-31 01:43:16,011 - root - INFO - Set year to 2025
2025-03-31 01:43:18,229 - root - INFO - Successfully clicked element: name=ESearch
2025-03-31 01:43:21,576 - root - INFO - Successfully clicked element: name=ERefer
2025-03-31 01:43:23,537 - root - INFO - Selected department value: 21
2025-03-31 01:43:23,592 - root - INFO - Set year to 2025
2025-03-31 01:43:23,646 - root - INFO - Successfully clicked element: name=ESearch
2025-03-31 01:43:29,198 - root - INFO - Successfully clicked element: name=ERefer
2025-03-31 01:43:31,095 - root - INFO - Selected department value: 21
2025-03-31 01:43:31,148 - root - INFO - Set year to 2025
2025-03-31 01:43:34,177 - root - INFO - Successfully clicked element: name=ESearch
2025-03-31 01:43:37,497 - root - INFO - Successfully clicked element: name=ERefer
2025-03-31 01:43:39,378 - root - INFO - Selected department value: 21
2025-03-31 01:43:39,430 - root - INFO - Set year to 2025
2025-03-31 01:43:42,452 - root - INFO - Successfully clicked element: name=ESearch
2025-03-31 01:43:45,804 - root - INFO - Successfully clicked element: name=ERefer
2025-03-31 01:43:47,687 - root - INFO - Selected department value: 21
2025-03-31 01:43:47,741 - root - INFO - Set year to 2025
2025-03-31 01:43:47,796 - root - INFO - Successfully clicked element: name=ESearch
2025-03-31 01:43:54,205 - root - INFO - Successfully clicked element: name=ERefer
2025-03-31 01:43:56,076 - root - INFO - Selected department value: 21
2025-03-31 01:43:56,136 - root - INFO - Set year to 2025
2025-03-31 01:43:59,223 - root - INFO - Successfully clicked element: name=ESearch
2025-03-31 01:44:02,579 - root - INFO - Successfully clicked element: name=ERefer
2025-03-31 01:44:04,508 - root - INFO - Selected department value: 21
2025-03-31 01:44:04,562 - root - INFO - Set year to 2025
2025-03-31 01:44:06,793 - root - INFO - Successfully clicked element: name=ESearch
2025-03-31 01:44:10,128 - root - INFO - Successfully clicked element: name=ERefer
2025-03-31 01:44:12,556 - root - INFO - Selected department value: 21
2025-03-31 01:44:12,609 - root - INFO - Set year to 2025
2025-03-31 01:44:15,518 - root - INFO - Successfully clicked element: name=ESearch
2025-03-31 01:44:18,891 - root - INFO - Successfully clicked element: name=ERefer
2025-03-31 01:44:20,860 - root - INFO - Selected department value: 21
2025-03-31 01:44:20,915 - root - INFO - Set year to 2025
2025-03-31 01:44:23,966 - root - INFO - Successfully clicked element: name=ESearch
2025-03-31 01:44:27,329 - root - INFO - Successfully clicked element: name=ERefer
2025-03-31 01:44:29,235 - root - INFO - Selected department value: 21
2025-03-31 01:44:29,291 - root - INFO - Set year to 2025
2025-03-31 01:44:29,348 - root - INFO - Successfully clicked element: name=ESearch
2025-03-31 01:44:35,686 - root - INFO - Successfully clicked element: name=ERefer
2025-03-31 01:44:37,586 - root - INFO - Selected department value: 21
2025-03-31 01:44:37,640 - root - INFO - Set year to 2025
2025-03-31 01:44:40,666 - root - INFO - Successfully clicked element: name=ESearch
2025-03-31 01:44:44,002 - root - INFO - Successfully clicked element: name=ERefer
2025-03-31 01:44:45,890 - root - INFO - Selected department value: 21
2025-03-31 01:44:45,950 - root - INFO - Set year to 2025
2025-03-31 01:44:48,965 - root - INFO - Successfully clicked element: name=ESearch
2025-03-31 01:44:52,366 - root - INFO - Successfully clicked element: name=ERefer
2025-03-31 01:44:54,263 - root - INFO - Selected department value: 21
2025-03-31 01:44:54,316 - root - INFO - Set year to 2025
2025-03-31 01:44:57,352 - root - INFO - Successfully clicked element: name=ESearch
2025-03-31 01:45:00,689 - root - INFO - Successfully clicked element: name=ERefer
2025-03-31 01:45:02,620 - root - INFO - Selected department value: 21
2025-03-31 01:45:02,677 - root - INFO - Set year to 2025
2025-03-31 01:45:05,736 - root - INFO - Successfully clicked element: name=ESearch
2025-03-31 01:45:09,063 - root - INFO - Successfully clicked element: name=ERefer
2025-03-31 01:45:10,972 - root - INFO - Selected department value: 21
2025-03-31 01:45:11,028 - root - INFO - Set year to 2025
2025-03-31 01:45:14,088 - root - INFO - Successfully clicked element: name=ESearch
2025-03-31 01:45:17,447 - root - INFO - Successfully clicked element: name=ERefer
2025-03-31 01:45:19,356 - root - INFO - Selected department value: 21
2025-03-31 01:45:19,408 - root - INFO - Set year to 2025
2025-03-31 01:45:22,420 - root - INFO - Successfully clicked element: name=ESearch
2025-03-31 01:45:25,748 - root - INFO - Successfully clicked element: name=ERefer
2025-03-31 01:45:27,626 - root - INFO - Selected department value: 21
2025-03-31 01:45:27,678 - root - INFO - Set year to 2025
2025-03-31 01:45:30,717 - root - INFO - Successfully clicked element: name=ESearch
2025-03-31 01:45:34,055 - root - INFO - Successfully clicked element: name=ERefer
2025-03-31 01:45:35,929 - root - INFO - Selected department value: 21
2025-03-31 01:45:35,989 - root - INFO - Set year to 2025
2025-03-31 01:45:39,031 - root - INFO - Successfully clicked element: name=ESearch
2025-03-31 01:45:42,361 - root - INFO - Successfully clicked element: name=ERefer
2025-03-31 01:45:44,300 - root - INFO - Selected department value: 21
2025-03-31 01:45:44,357 - root - INFO - Set year to 2025
2025-03-31 01:45:47,401 - root - INFO - Successfully clicked element: name=ESearch
2025-03-31 01:45:50,760 - root - INFO - Successfully clicked element: name=ERefer
2025-03-31 01:45:52,712 - root - INFO - Selected department value: 21
2025-03-31 01:45:52,768 - root - INFO - Set year to 2025
2025-03-31 01:45:52,825 - root - INFO - Successfully clicked element: name=ESearch
2025-03-31 01:45:59,138 - root - INFO - Successfully clicked element: name=ERefer
2025-03-31 01:46:01,043 - root - INFO - Selected department value: 21
2025-03-31 01:46:01,098 - root - INFO - Set year to 2025
2025-03-31 01:46:04,139 - root - INFO - Successfully clicked element: name=ESearch
2025-03-31 01:46:07,471 - root - INFO - Successfully clicked element: name=ERefer
2025-03-31 01:46:09,357 - root - INFO - Selected department value: 21
2025-03-31 01:46:09,410 - root - INFO - Set year to 2025
2025-03-31 01:46:12,525 - root - INFO - Successfully clicked element: name=ESearch
2025-03-31 01:46:15,892 - root - INFO - Successfully clicked element: name=ERefer
2025-03-31 01:46:17,814 - root - INFO - Selected department value: 21
2025-03-31 01:46:17,870 - root - INFO - Set year to 2025
2025-03-31 01:46:20,919 - root - INFO - Successfully clicked element: name=ESearch
2025-03-31 01:46:24,246 - root - INFO - Successfully clicked element: name=ERefer
2025-03-31 01:46:26,162 - root - INFO - Selected department value: 21
2025-03-31 01:46:26,218 - root - INFO - Set year to 2025
2025-03-31 01:46:26,276 - root - INFO - Successfully clicked element: name=ESearch
2025-03-31 01:46:31,019 - root - INFO - Successfully clicked element: name=ERefer
2025-03-31 01:46:32,907 - root - INFO - Selected department value: 21
2025-03-31 01:46:32,960 - root - INFO - Set year to 2025
2025-03-31 01:46:34,387 - root - INFO - Successfully clicked element: name=ESearch
2025-03-31 01:46:37,707 - root - INFO - Successfully clicked element: name=ERefer
2025-03-31 01:46:39,576 - root - INFO - Selected department value: 21
2025-03-31 01:46:39,631 - root - INFO - Set year to 2025
2025-03-31 01:46:39,686 - root - INFO - Successfully clicked element: name=ESearch
2025-03-31 01:46:44,412 - root - INFO - Successfully clicked element: name=ERefer
2025-03-31 01:46:46,295 - root - INFO - Selected department value: 21
2025-03-31 01:46:46,348 - root - INFO - Set year to 2025
2025-03-31 01:46:46,403 - root - INFO - Successfully clicked element: name=ESearch
2025-03-31 01:46:51,091 - root - INFO - Successfully clicked element: name=ERefer
2025-03-31 01:46:52,972 - root - INFO - Selected department value: 21
2025-03-31 01:46:53,030 - root - INFO - Set year to 2025
2025-03-31 01:46:54,458 - root - INFO - Successfully clicked element: name=ESearch
2025-03-31 01:46:57,796 - root - INFO - Successfully clicked element: name=ERefer
2025-03-31 01:46:59,704 - root - INFO - Selected department value: 21
2025-03-31 01:46:59,756 - root - INFO - Set year to 2025
2025-03-31 01:47:01,181 - root - INFO - Successfully clicked element: name=ESearch
2025-03-31 01:47:04,474 - root - INFO - Successfully clicked element: name=ERefer
2025-03-31 01:47:06,353 - root - INFO - Selected department value: 21
2025-03-31 01:47:06,406 - root - INFO - Set year to 2025
2025-03-31 01:47:08,620 - root - INFO - Successfully clicked element: name=ESearch
2025-03-31 01:47:11,971 - root - INFO - Successfully clicked element: name=ERefer
2025-03-31 01:47:14,417 - root - INFO - Selected department value: 21
2025-03-31 01:47:14,469 - root - INFO - Set year to 2025
2025-03-31 01:47:14,525 - root - INFO - Successfully clicked element: name=ESearch
2025-03-31 01:47:20,687 - root - INFO - Successfully clicked element: name=ERefer
2025-03-31 01:47:22,563 - root - INFO - Selected department value: 21
2025-03-31 01:47:22,617 - root - INFO - Set year to 2025
2025-03-31 01:47:25,665 - root - INFO - Successfully clicked element: name=ESearch
2025-03-31 01:47:28,998 - root - INFO - Successfully clicked element: name=ERefer
2025-03-31 01:47:30,961 - root - INFO - Selected department value: 21
2025-03-31 01:47:31,015 - root - INFO - Set year to 2025
2025-03-31 01:47:31,073 - root - INFO - Successfully clicked element: name=ESearch
2025-03-31 01:47:37,347 - root - INFO - Successfully clicked element: name=ERefer
2025-03-31 01:47:39,244 - root - INFO - Selected department value: 21
2025-03-31 01:47:39,296 - root - INFO - Set year to 2025
2025-03-31 01:47:39,352 - root - INFO - Successfully clicked element: name=ESearch
2025-03-31 01:47:45,655 - root - INFO - Successfully clicked element: name=ERefer
2025-03-31 01:47:47,542 - root - INFO - Selected department value: 21
2025-03-31 01:47:47,597 - root - INFO - Set year to 2025
2025-03-31 01:47:47,653 - root - INFO - Successfully clicked element: name=ESearch
2025-03-31 01:47:53,938 - root - INFO - Successfully clicked element: name=ERefer
2025-03-31 01:47:55,841 - root - INFO - Selected department value: 21
2025-03-31 01:47:55,895 - root - INFO - Set year to 2025
2025-03-31 01:47:55,952 - root - INFO - Successfully clicked element: name=ESearch
2025-03-31 01:48:02,267 - root - INFO - Successfully clicked element: name=ERefer
2025-03-31 01:48:04,226 - root - INFO - Selected department value: 21
2025-03-31 01:48:04,280 - root - INFO - Set year to 2025
2025-03-31 01:48:04,335 - root - INFO - Successfully clicked element: name=ESearch
2025-03-31 01:48:10,666 - root - INFO - Successfully clicked element: name=ERefer
2025-03-31 01:48:12,543 - root - INFO - Selected department value: 21
2025-03-31 01:48:12,597 - root - INFO - Set year to 2025
2025-03-31 01:48:12,653 - root - INFO - Successfully clicked element: name=ESearch
2025-03-31 01:48:19,062 - root - INFO - Successfully clicked element: name=ERefer
2025-03-31 01:48:20,977 - root - INFO - Selected department value: 21
2025-03-31 01:48:21,033 - root - INFO - Set year to 2025
2025-03-31 01:48:24,115 - root - INFO - Successfully clicked element: name=ESearch
2025-03-31 01:48:27,455 - root - INFO - Successfully clicked element: name=ERefer
2025-03-31 01:48:29,348 - root - INFO - Selected department value: 21
2025-03-31 01:48:29,403 - root - INFO - Set year to 2025
2025-03-31 01:48:32,390 - root - INFO - Successfully clicked element: name=ESearch
2025-03-31 01:48:35,740 - root - INFO - Successfully clicked element: name=ERefer
2025-03-31 01:48:37,635 - root - INFO - Selected department value: 21
2025-03-31 01:48:37,688 - root - INFO - Set year to 2025
2025-03-31 01:48:40,702 - root - INFO - Successfully clicked element: name=ESearch
2025-03-31 01:48:44,103 - root - INFO - Successfully clicked element: name=ERefer
2025-03-31 01:48:45,978 - root - INFO - Selected department value: 21
2025-03-31 01:48:46,031 - root - INFO - Set year to 2025
2025-03-31 01:48:46,087 - root - INFO - Successfully clicked element: name=ESearch
2025-03-31 01:48:52,402 - root - INFO - Successfully clicked element: name=ERefer
2025-03-31 01:48:54,382 - root - INFO - Selected department value: 21
2025-03-31 01:48:54,440 - root - INFO - Set year to 2025
2025-03-31 01:48:57,451 - root - INFO - Successfully clicked element: name=ESearch
2025-03-31 01:49:00,780 - root - INFO - Successfully clicked element: name=ERefer
2025-03-31 01:49:02,713 - root - INFO - Selected department value: 21
2025-03-31 01:49:02,767 - root - INFO - Set year to 2025
2025-03-31 01:49:05,819 - root - INFO - Successfully clicked element: name=ESearch
2025-03-31 01:49:09,215 - root - INFO - Successfully clicked element: name=ERefer
2025-03-31 01:49:11,160 - root - INFO - Selected department value: 21
2025-03-31 01:49:11,212 - root - INFO - Set year to 2025
2025-03-31 01:49:11,269 - root - INFO - Successfully clicked element: name=ESearch
2025-03-31 01:49:17,512 - root - INFO - Successfully clicked element: name=ERefer
2025-03-31 01:49:19,430 - root - INFO - Selected department value: 21
2025-03-31 01:49:19,484 - root - INFO - Set year to 2025
2025-03-31 01:49:22,485 - root - INFO - Successfully clicked element: name=ESearch
2025-03-31 01:49:25,916 - root - INFO - Successfully clicked element: name=ERefer
2025-03-31 01:49:27,891 - root - INFO - Selected department value: 21
2025-03-31 01:49:27,946 - root - INFO - Set year to 2025
2025-03-31 01:49:30,950 - root - INFO - Successfully clicked element: name=ESearch
2025-03-31 01:49:34,311 - root - INFO - Successfully clicked element: name=ERefer
2025-03-31 01:49:36,190 - root - INFO - Selected department value: 21
2025-03-31 01:49:36,251 - root - INFO - Set year to 2025
2025-03-31 01:49:39,297 - root - INFO - Successfully clicked element: name=ESearch
2025-03-31 01:49:42,627 - root - INFO - Successfully clicked element: name=ERefer
2025-03-31 01:49:44,553 - root - INFO - Selected department value: 21
2025-03-31 01:49:44,610 - root - INFO - Set year to 2025
2025-03-31 01:49:44,665 - root - INFO - Successfully clicked element: name=ESearch
2025-03-31 01:49:50,947 - root - INFO - Successfully clicked element: name=ERefer
2025-03-31 01:49:52,849 - root - INFO - Selected department value: 21
2025-03-31 01:49:52,905 - root - INFO - Set year to 2025
2025-03-31 01:49:55,199 - root - INFO - Successfully clicked element: name=ESearch
2025-03-31 01:49:58,577 - root - INFO - Successfully clicked element: name=ERefer
2025-03-31 01:50:00,546 - root - INFO - Selected department value: 21
2025-03-31 01:50:00,601 - root - INFO - Set year to 2025
2025-03-31 01:50:03,622 - root - INFO - Successfully clicked element: name=ESearch
2025-03-31 01:50:07,026 - root - INFO - Successfully clicked element: name=ERefer
2025-03-31 01:50:08,941 - root - INFO - Selected department value: 21
2025-03-31 01:50:08,995 - root - INFO - Set year to 2025
2025-03-31 01:50:11,992 - root - INFO - Successfully clicked element: name=ESearch
2025-03-31 01:50:15,378 - root - INFO - Successfully clicked element: name=ERefer
2025-03-31 01:50:17,820 - root - INFO - Selected department value: 21
2025-03-31 01:50:17,879 - root - INFO - Set year to 2025
2025-03-31 01:50:17,934 - root - INFO - Successfully clicked element: name=ESearch
2025-03-31 01:50:23,309 - root - INFO - Successfully clicked element: name=ERefer
2025-03-31 01:50:25,241 - root - INFO - Selected department value: 21
2025-03-31 01:50:25,295 - root - INFO - Set year to 2025
2025-03-31 01:50:28,330 - root - INFO - Successfully clicked element: name=ESearch
2025-03-31 01:50:31,647 - root - INFO - Successfully clicked element: name=ERefer
2025-03-31 01:50:33,547 - root - INFO - Selected department value: 21
2025-03-31 01:50:33,599 - root - INFO - Set year to 2025
2025-03-31 01:50:36,611 - root - INFO - Successfully clicked element: name=ESearch
2025-03-31 01:50:39,945 - root - INFO - Successfully clicked element: name=ERefer
2025-03-31 01:50:41,822 - root - INFO - Selected department value: 21
2025-03-31 01:50:41,875 - root - INFO - Set year to 2025
2025-03-31 01:50:41,931 - root - INFO - Successfully clicked element: name=ESearch
2025-03-31 01:50:48,258 - root - INFO - Successfully clicked element: name=ERefer
2025-03-31 01:50:50,125 - root - INFO - Selected department value: 21
2025-03-31 01:50:50,177 - root - INFO - Set year to 2025
2025-03-31 01:50:50,232 - root - INFO - Successfully clicked element: name=ESearch
2025-03-31 01:50:55,739 - root - INFO - Successfully clicked element: name=ERefer
2025-03-31 01:50:57,653 - root - INFO - Selected department value: 21
2025-03-31 01:50:57,705 - root - INFO - Set year to 2025
2025-03-31 01:50:57,760 - root - INFO - Successfully clicked element: name=ESearch
2025-03-31 01:51:04,062 - root - INFO - Successfully clicked element: name=ERefer
2025-03-31 01:51:05,947 - root - INFO - Selected department value: 21
2025-03-31 01:51:06,001 - root - INFO - Set year to 2025
2025-03-31 01:51:08,211 - root - INFO - Successfully clicked element: name=ESearch
2025-03-31 01:51:11,543 - root - INFO - Successfully clicked element: name=ERefer
2025-03-31 01:51:13,437 - root - INFO - Selected department value: 21
2025-03-31 01:51:13,489 - root - INFO - Set year to 2025
2025-03-31 01:51:13,545 - root - INFO - Successfully clicked element: name=ESearch
2025-03-31 01:51:19,042 - root - INFO - Successfully clicked element: name=ERefer
2025-03-31 01:51:20,939 - root - INFO - Selected department value: 21
2025-03-31 01:51:20,993 - root - INFO - Set year to 2025
2025-03-31 01:51:21,048 - root - INFO - Successfully clicked element: name=ESearch
2025-03-31 01:51:26,560 - root - INFO - Successfully clicked element: name=ERefer
2025-03-31 01:51:28,436 - root - INFO - Selected department value: 21
2025-03-31 01:51:28,488 - root - INFO - Set year to 2025
2025-03-31 01:51:28,543 - root - INFO - Successfully clicked element: name=ESearch
2025-03-31 01:51:34,039 - root - INFO - Successfully clicked element: name=ERefer
2025-03-31 01:51:35,912 - root - INFO - Selected department value: 21
2025-03-31 01:51:35,965 - root - INFO - Set year to 2025
2025-03-31 01:51:38,206 - root - INFO - Successfully clicked element: name=ESearch
2025-03-31 01:51:41,544 - root - INFO - Successfully clicked element: name=ERefer
2025-03-31 01:51:43,444 - root - INFO - Selected department value: 21
2025-03-31 01:51:43,501 - root - INFO - Set year to 2025
2025-03-31 01:51:46,497 - root - INFO - Successfully clicked element: name=ESearch
2025-03-31 01:51:49,868 - root - INFO - Successfully clicked element: name=ERefer
2025-03-31 01:51:51,762 - root - INFO - Selected department value: 21
2025-03-31 01:51:51,815 - root - INFO - Set year to 2025
2025-03-31 01:51:54,834 - root - INFO - Successfully clicked element: name=ESearch
2025-03-31 01:51:58,112 - root - INFO - Successfully clicked element: name=ERefer
2025-03-31 01:52:00,032 - root - INFO - Selected department value: 21
2025-03-31 01:52:00,086 - root - INFO - Set year to 2025
2025-03-31 01:52:02,279 - root - INFO - Successfully clicked element: name=ESearch
2025-03-31 01:52:05,537 - root - INFO - Successfully clicked element: name=ERefer
2025-03-31 01:52:07,460 - root - INFO - Selected department value: 21
2025-03-31 01:52:07,513 - root - INFO - Set year to 2025
2025-03-31 01:52:09,753 - root - INFO - Successfully clicked element: name=ESearch
2025-03-31 01:52:13,089 - root - INFO - Successfully clicked element: name=ERefer
2025-03-31 01:52:14,983 - root - INFO - Selected department value: 21
2025-03-31 01:52:15,036 - root - INFO - Set year to 2025
2025-03-31 01:52:15,091 - root - INFO - Successfully clicked element: name=ESearch
2025-03-31 01:52:21,301 - root - INFO - Successfully clicked element: name=ERefer
2025-03-31 01:52:23,183 - root - INFO - Selected department value: 21
2025-03-31 01:52:23,237 - root - INFO - Set year to 2025
2025-03-31 01:52:23,292 - root - INFO - Successfully clicked element: name=ESearch
2025-03-31 01:52:29,259 - root - INFO - Successfully clicked element: name=ERefer
2025-03-31 01:52:31,179 - root - INFO - Selected department value: 21
2025-03-31 01:52:31,234 - root - INFO - Set year to 2025
2025-03-31 01:52:31,291 - root - INFO - Successfully clicked element: name=ESearch
2025-03-31 01:52:36,873 - root - INFO - Successfully clicked element: name=ERefer
2025-03-31 01:52:38,732 - root - INFO - Selected department value: 21
2025-03-31 01:52:38,785 - root - INFO - Set year to 2025
2025-03-31 01:52:38,841 - root - INFO - Successfully clicked element: name=ESearch
2025-03-31 01:52:45,093 - root - INFO - Successfully clicked element: name=ERefer
2025-03-31 01:52:46,985 - root - INFO - Selected department value: 21
2025-03-31 01:52:47,041 - root - INFO - Set year to 2025
2025-03-31 01:52:49,230 - root - INFO - Successfully clicked element: name=ESearch
2025-03-31 01:52:52,602 - root - INFO - Successfully clicked element: name=ERefer
2025-03-31 01:52:54,497 - root - INFO - Selected department value: 21
2025-03-31 01:52:54,549 - root - INFO - Set year to 2025
2025-03-31 01:52:54,604 - root - INFO - Successfully clicked element: name=ESearch
2025-03-31 01:53:02,225 - root - INFO - Successfully clicked element: name=ERefer
2025-03-31 01:53:04,129 - root - INFO - Selected department value: 21
2025-03-31 01:53:04,186 - root - INFO - Set year to 2025
2025-03-31 01:53:06,465 - root - INFO - Successfully clicked element: name=ESearch
2025-03-31 01:53:09,749 - root - INFO - Successfully clicked element: name=ERefer
2025-03-31 01:53:11,661 - root - INFO - Selected department value: 21
2025-03-31 01:53:11,715 - root - INFO - Set year to 2025
2025-03-31 01:53:13,918 - root - INFO - Successfully clicked element: name=ESearch
2025-03-31 01:53:19,198 - root - INFO - Successfully clicked element: name=ERefer
2025-03-31 01:53:21,570 - root - INFO - Selected department value: 21
2025-03-31 01:53:21,627 - root - INFO - Set year to 2025
2025-03-31 01:53:24,576 - root - INFO - Successfully clicked element: name=ESearch
2025-03-31 01:53:27,946 - root - INFO - Successfully clicked element: name=ERefer
2025-03-31 01:53:29,852 - root - INFO - Selected department value: 21
2025-03-31 01:53:29,904 - root - INFO - Set year to 2025
2025-03-31 01:53:32,966 - root - INFO - Successfully clicked element: name=ESearch
2025-03-31 01:53:36,402 - root - INFO - Successfully clicked element: name=ERefer
2025-03-31 01:53:38,374 - root - INFO - Selected department value: 21
2025-03-31 01:53:38,426 - root - INFO - Set year to 2025
2025-03-31 01:53:41,424 - root - INFO - Successfully clicked element: name=ESearch
2025-03-31 01:53:46,863 - root - INFO - Successfully clicked element: name=ERefer
2025-03-31 01:53:48,849 - root - INFO - Selected department value: 21
2025-03-31 01:53:48,908 - root - INFO - Set year to 2025
2025-03-31 01:53:51,937 - root - INFO - Successfully clicked element: name=ESearch
2025-03-31 01:53:57,301 - root - INFO - Successfully clicked element: name=ERefer
2025-03-31 01:53:59,230 - root - INFO - Selected department value: 21
2025-03-31 01:53:59,284 - root - INFO - Set year to 2025
2025-03-31 01:53:59,341 - root - INFO - Successfully clicked element: name=ESearch
2025-03-31 01:54:07,806 - root - INFO - Successfully clicked element: name=ERefer
2025-03-31 01:54:09,707 - root - INFO - Selected department value: 21
2025-03-31 01:54:09,760 - root - INFO - Set year to 2025
2025-03-31 01:54:12,764 - root - INFO - Successfully clicked element: name=ESearch
2025-03-31 01:54:16,119 - root - INFO - Successfully clicked element: name=ERefer
2025-03-31 01:54:18,068 - root - INFO - Selected department value: 21
2025-03-31 01:54:18,121 - root - INFO - Set year to 2025
2025-03-31 01:54:21,147 - root - INFO - Successfully clicked element: name=ESearch
2025-03-31 01:54:24,524 - root - INFO - Successfully clicked element: name=ERefer
2025-03-31 01:54:26,431 - root - INFO - Selected department value: 21
2025-03-31 01:54:26,484 - root - INFO - Set year to 2025
2025-03-31 01:54:26,539 - root - INFO - Successfully clicked element: name=ESearch
2025-03-31 01:54:32,883 - root - INFO - Successfully clicked element: name=ERefer
2025-03-31 01:54:34,765 - root - INFO - Selected department value: 21
2025-03-31 01:54:34,817 - root - INFO - Set year to 2025
2025-03-31 01:54:37,826 - root - INFO - Successfully clicked element: name=ESearch
2025-03-31 01:54:41,207 - root - INFO - Successfully clicked element: name=ERefer
2025-03-31 01:54:43,126 - root - INFO - Selected department value: 21
2025-03-31 01:54:43,179 - root - INFO - Set year to 2025
2025-03-31 01:54:43,235 - root - INFO - Successfully clicked element: name=ESearch
2025-03-31 01:54:49,603 - root - INFO - Successfully clicked element: name=ERefer
2025-03-31 01:54:51,612 - root - INFO - Selected department value: 21
2025-03-31 01:54:51,664 - root - INFO - Set year to 2025
2025-03-31 01:54:54,681 - root - INFO - Successfully clicked element: name=ESearch
2025-03-31 01:54:58,071 - root - INFO - Successfully clicked element: name=ERefer
2025-03-31 01:55:00,032 - root - INFO - Selected department value: 21
2025-03-31 01:55:00,084 - root - INFO - Set year to 2025
2025-03-31 01:55:03,081 - root - INFO - Successfully clicked element: name=ESearch
2025-03-31 01:55:06,495 - root - INFO - Successfully clicked element: name=ERefer
2025-03-31 01:55:08,380 - root - INFO - Selected department value: 21
2025-03-31 01:55:08,436 - root - INFO - Set year to 2025
2025-03-31 01:55:11,437 - root - INFO - Successfully clicked element: name=ESearch
2025-03-31 01:55:14,817 - root - INFO - Successfully clicked element: name=ERefer
2025-03-31 01:55:16,745 - root - INFO - Selected department value: 21
2025-03-31 01:55:16,797 - root - INFO - Set year to 2025
2025-03-31 01:55:16,852 - root - INFO - Successfully clicked element: name=ESearch
2025-03-31 01:55:23,114 - root - INFO - Successfully clicked element: name=ERefer
2025-03-31 01:55:25,014 - root - INFO - Selected department value: 21
2025-03-31 01:55:25,068 - root - INFO - Set year to 2025
2025-03-31 01:55:28,086 - root - INFO - Successfully clicked element: name=ESearch
2025-03-31 01:55:33,428 - root - INFO - Successfully clicked element: name=ERefer
2025-03-31 01:55:35,356 - root - INFO - Selected department value: 21
2025-03-31 01:55:35,410 - root - INFO - Set year to 2025
2025-03-31 01:55:35,468 - root - INFO - Successfully clicked element: name=ESearch
2025-03-31 01:55:41,744 - root - INFO - Successfully clicked element: name=ERefer
2025-03-31 01:55:43,656 - root - INFO - Selected department value: 21
2025-03-31 01:55:43,709 - root - INFO - Set year to 2025
2025-03-31 01:55:43,765 - root - INFO - Successfully clicked element: name=ESearch
2025-03-31 01:55:50,031 - root - INFO - Successfully clicked element: name=ERefer
2025-03-31 01:55:51,949 - root - INFO - Selected department value: 21
2025-03-31 01:55:52,002 - root - INFO - Set year to 2025
2025-03-31 01:55:54,225 - root - INFO - Successfully clicked element: name=ESearch
2025-03-31 01:55:57,531 - root - INFO - Successfully clicked element: name=ERefer
2025-03-31 01:55:59,524 - root - INFO - Selected department value: 21
2025-03-31 01:55:59,578 - root - INFO - Set year to 2025
2025-03-31 01:56:01,793 - root - INFO - Successfully clicked element: name=ESearch
2025-03-31 01:56:05,118 - root - INFO - Successfully clicked element: name=ERefer
2025-03-31 01:56:07,011 - root - INFO - Selected department value: 21
2025-03-31 01:56:07,073 - root - INFO - Set year to 2025
2025-03-31 01:56:10,095 - root - INFO - Successfully clicked element: name=ESearch
2025-03-31 01:56:13,363 - root - INFO - Successfully clicked element: name=ERefer
2025-03-31 01:56:15,283 - root - INFO - Selected department value: 21
2025-03-31 01:56:15,335 - root - INFO - Set year to 2025
2025-03-31 01:56:18,331 - root - INFO - Successfully clicked element: name=ESearch
2025-03-31 01:56:23,681 - root - INFO - Successfully clicked element: name=ERefer
2025-03-31 01:56:26,012 - root - INFO - Selected department value: 21
2025-03-31 01:56:26,065 - root - INFO - Set year to 2025
2025-03-31 01:56:28,941 - root - INFO - Successfully clicked element: name=ESearch
2025-03-31 01:56:32,218 - root - INFO - Successfully clicked element: name=ERefer
2025-03-31 01:56:34,113 - root - INFO - Selected department value: 21
2025-03-31 01:56:34,169 - root - INFO - Set year to 2025
2025-03-31 01:56:37,173 - root - INFO - Successfully clicked element: name=ESearch
2025-03-31 01:56:40,595 - root - INFO - Successfully clicked element: name=ERefer
2025-03-31 01:56:42,499 - root - INFO - Selected department value: 21
2025-03-31 01:56:42,553 - root - INFO - Set year to 2025
2025-03-31 01:56:45,565 - root - INFO - Successfully clicked element: name=ESearch
2025-03-31 01:56:50,955 - root - INFO - Successfully clicked element: name=ERefer
2025-03-31 01:56:52,847 - root - INFO - Selected department value: 21
2025-03-31 01:56:52,899 - root - INFO - Set year to 2025
2025-03-31 01:56:55,907 - root - INFO - Successfully clicked element: name=ESearch
2025-03-31 01:56:59,181 - root - INFO - Successfully clicked element: name=ERefer
2025-03-31 01:57:01,096 - root - INFO - Selected department value: 21
2025-03-31 01:57:01,150 - root - INFO - Set year to 2025
2025-03-31 01:57:04,153 - root - INFO - Successfully clicked element: name=ESearch
2025-03-31 01:57:07,524 - root - INFO - Successfully clicked element: name=ERefer
2025-03-31 01:57:09,416 - root - INFO - Selected department value: 21
2025-03-31 01:57:09,471 - root - INFO - Set year to 2025
2025-03-31 01:57:12,447 - root - INFO - Successfully clicked element: name=ESearch
2025-03-31 01:57:17,746 - root - INFO - Successfully clicked element: name=ERefer
2025-03-31 01:57:19,659 - root - INFO - Selected department value: 21
2025-03-31 01:57:19,714 - root - INFO - Set year to 2025
2025-03-31 01:57:22,730 - root - INFO - Successfully clicked element: name=ESearch
2025-03-31 01:57:28,056 - root - INFO - Successfully clicked element: name=ERefer
2025-03-31 01:57:29,938 - root - INFO - Selected department value: 21
2025-03-31 01:57:29,991 - root - INFO - Set year to 2025
2025-03-31 01:57:30,048 - root - INFO - Successfully clicked element: name=ESearch
2025-03-31 01:57:36,296 - root - INFO - Successfully clicked element: name=ERefer
2025-03-31 01:57:38,194 - root - INFO - Selected department value: 21
2025-03-31 01:57:38,251 - root - INFO - Set year to 2025
2025-03-31 01:57:41,293 - root - INFO - Successfully clicked element: name=ESearch
2025-03-31 01:57:44,575 - root - INFO - Successfully clicked element: name=ERefer
2025-03-31 01:57:46,484 - root - INFO - Selected department value: 21
2025-03-31 01:57:46,537 - root - INFO - Set year to 2025
2025-03-31 01:57:49,531 - root - INFO - Successfully clicked element: name=ESearch
2025-03-31 01:57:54,873 - root - INFO - Successfully clicked element: name=ERefer
2025-03-31 01:57:56,818 - root - INFO - Selected department value: 21
2025-03-31 01:57:56,872 - root - INFO - Set year to 2025
2025-03-31 01:57:56,927 - root - INFO - Successfully clicked element: name=ESearch
2025-03-31 01:58:03,157 - root - INFO - Successfully clicked element: name=ERefer
2025-03-31 01:58:05,041 - root - INFO - Selected department value: 21
2025-03-31 01:58:05,096 - root - INFO - Set year to 2025
2025-03-31 01:58:08,089 - root - INFO - Successfully clicked element: name=ESearch
2025-03-31 01:58:11,370 - root - INFO - Successfully clicked element: name=ERefer
2025-03-31 01:58:13,275 - root - INFO - Selected department value: 21
2025-03-31 01:58:13,330 - root - INFO - Set year to 2025
2025-03-31 01:58:15,599 - root - INFO - Successfully clicked element: name=ESearch
2025-03-31 01:58:18,901 - root - INFO - Successfully clicked element: name=ERefer
2025-03-31 01:58:20,796 - root - INFO - Selected department value: 21
2025-03-31 01:58:20,848 - root - INFO - Set year to 2025
2025-03-31 01:58:23,883 - root - INFO - Successfully clicked element: name=ESearch
2025-03-31 01:58:27,179 - root - INFO - Successfully clicked element: name=ERefer
2025-03-31 01:58:29,054 - root - INFO - Selected department value: 21
2025-03-31 01:58:29,109 - root - INFO - Set year to 2025
2025-03-31 01:58:32,100 - root - INFO - Successfully clicked element: name=ESearch
2025-03-31 01:58:35,413 - root - INFO - Successfully clicked element: name=ERefer
2025-03-31 01:58:37,352 - root - INFO - Selected department value: 21
2025-03-31 01:58:37,407 - root - INFO - Set year to 2025
2025-03-31 01:58:37,463 - root - INFO - Successfully clicked element: name=ESearch
2025-03-31 01:58:43,697 - root - INFO - Successfully clicked element: name=ERefer
2025-03-31 01:58:45,579 - root - INFO - Selected department value: 21
2025-03-31 01:58:45,632 - root - INFO - Set year to 2025
2025-03-31 01:58:47,821 - root - INFO - Successfully clicked element: name=ESearch
2025-03-31 01:58:51,143 - root - INFO - Successfully clicked element: name=ERefer
2025-03-31 01:58:53,085 - root - INFO - Selected department value: 21
2025-03-31 01:58:53,140 - root - INFO - Set year to 2025
2025-03-31 01:58:56,199 - root - INFO - Successfully clicked element: name=ESearch
2025-03-31 01:58:59,433 - root - INFO - Successfully clicked element: name=ERefer
2025-03-31 01:59:01,318 - root - INFO - Selected department value: 21
2025-03-31 01:59:01,373 - root - INFO - Set year to 2025
2025-03-31 01:59:03,573 - root - INFO - Successfully clicked element: name=ESearch
2025-03-31 01:59:08,839 - root - INFO - Successfully clicked element: name=ERefer
2025-03-31 01:59:10,713 - root - INFO - Selected department value: 21
2025-03-31 01:59:10,766 - root - INFO - Set year to 2025
2025-03-31 01:59:13,001 - root - INFO - Successfully clicked element: name=ESearch
2025-03-31 01:59:16,228 - root - INFO - Successfully clicked element: name=ERefer
2025-03-31 01:59:18,106 - root - INFO - Selected department value: 21
2025-03-31 01:59:18,157 - root - INFO - Set year to 2025
2025-03-31 01:59:20,347 - root - INFO - Successfully clicked element: name=ESearch
2025-03-31 01:59:23,572 - root - INFO - Successfully clicked element: name=ERefer
2025-03-31 01:59:25,492 - root - INFO - Selected department value: 21
2025-03-31 01:59:25,543 - root - INFO - Set year to 2025
2025-03-31 01:59:27,754 - root - INFO - Successfully clicked element: name=ESearch
2025-03-31 01:59:30,998 - root - INFO - Successfully clicked element: name=ERefer
2025-03-31 01:59:33,328 - root - INFO - Selected department value: 21
2025-03-31 01:59:33,382 - root - INFO - Set year to 2025
2025-03-31 01:59:35,504 - root - INFO - Successfully clicked element: name=ESearch
2025-03-31 01:59:38,743 - root - INFO - Successfully clicked element: name=ERefer
2025-03-31 01:59:40,642 - root - INFO - Selected department value: 21
2025-03-31 01:59:40,694 - root - INFO - Set year to 2025
2025-03-31 01:59:40,750 - root - INFO - Successfully clicked element: name=ESearch
2025-03-31 01:59:51,609 - root - INFO - Successfully clicked element: name=ERefer
2025-03-31 01:59:53,496 - root - INFO - Selected department value: 21
2025-03-31 01:59:53,552 - root - INFO - Set year to 2025
2025-03-31 01:59:53,608 - root - INFO - Successfully clicked element: name=ESearch
2025-03-31 01:59:58,205 - root - INFO - Successfully clicked element: name=ERefer
2025-03-31 02:00:00,106 - root - INFO - Selected department value: 21
2025-03-31 02:00:00,160 - root - INFO - Set year to 2025
2025-03-31 02:00:02,387 - root - INFO - Successfully clicked element: name=ESearch
2025-03-31 02:00:06,865 - root - INFO - Successfully clicked element: name=ERefer
2025-03-31 02:00:08,756 - root - INFO - Selected department value: 21
2025-03-31 02:00:08,808 - root - INFO - Set year to 2025
2025-03-31 02:00:11,815 - root - INFO - Successfully clicked element: name=ESearch
2025-03-31 02:00:15,086 - root - INFO - Successfully clicked element: name=ERefer
2025-03-31 02:00:16,977 - root - INFO - Selected department value: 21
2025-03-31 02:00:17,032 - root - INFO - Set year to 2025
2025-03-31 02:00:18,439 - root - INFO - Successfully clicked element: name=ESearch
2025-03-31 02:00:23,671 - root - INFO - Successfully clicked element: name=ERefer
2025-03-31 02:00:25,535 - root - INFO - Selected department value: 21
2025-03-31 02:00:25,591 - root - INFO - Set year to 2025
2025-03-31 02:00:27,783 - root - INFO - Successfully clicked element: name=ESearch
2025-03-31 02:00:31,052 - root - INFO - Successfully clicked element: name=ERefer
2025-03-31 02:00:32,927 - root - INFO - Selected department value: 21
2025-03-31 02:00:32,981 - root - INFO - Set year to 2025
2025-03-31 02:00:33,036 - root - INFO - Successfully clicked element: name=ESearch
2025-03-31 02:00:38,423 - root - INFO - Successfully clicked element: name=ERefer
2025-03-31 02:00:40,296 - root - INFO - Selected department value: 21
2025-03-31 02:00:40,349 - root - INFO - Set year to 2025
2025-03-31 02:00:40,403 - root - INFO - Successfully clicked element: name=ESearch
2025-03-31 02:00:47,042 - root - INFO - Successfully clicked element: name=ERefer
2025-03-31 02:00:48,969 - root - INFO - Selected department value: 21
2025-03-31 02:00:49,023 - root - INFO - Set year to 2025
2025-03-31 02:00:51,219 - root - INFO - Successfully clicked element: name=ESearch
2025-03-31 02:00:56,474 - root - INFO - Successfully clicked element: name=ERefer
2025-03-31 02:00:58,347 - root - INFO - Selected department value: 21
2025-03-31 02:00:58,400 - root - INFO - Set year to 2025
2025-03-31 02:00:58,455 - root - INFO - Successfully clicked element: name=ESearch
2025-03-31 02:01:04,290 - root - INFO - Successfully clicked element: name=ERefer
2025-03-31 02:01:06,271 - root - INFO - Selected department value: 21
2025-03-31 02:01:06,328 - root - INFO - Set year to 2025
2025-03-31 02:01:07,717 - root - INFO - Successfully clicked element: name=ESearch
2025-03-31 02:01:10,944 - root - INFO - Successfully clicked element: name=ERefer
2025-03-31 02:01:12,824 - root - INFO - Selected department value: 21
2025-03-31 02:01:12,878 - root - INFO - Set year to 2025
2025-03-31 02:01:14,281 - root - INFO - Successfully clicked element: name=ESearch
2025-03-31 02:01:17,505 - root - INFO - Successfully clicked element: name=ERefer
2025-03-31 02:01:19,397 - root - INFO - Selected department value: 21
2025-03-31 02:01:19,451 - root - INFO - Set year to 2025
2025-03-31 02:01:19,506 - root - INFO - Successfully clicked element: name=ESearch
2025-03-31 02:01:26,097 - root - INFO - Successfully clicked element: name=ERefer
2025-03-31 02:01:28,002 - root - INFO - Selected department value: 21
2025-03-31 02:01:28,056 - root - INFO - Set year to 2025
2025-03-31 02:01:30,260 - root - INFO - Successfully clicked element: name=ESearch
2025-03-31 02:01:33,485 - root - INFO - Successfully clicked element: name=ERefer
2025-03-31 02:01:35,438 - root - INFO - Selected department value: 21
2025-03-31 02:01:35,494 - root - INFO - Set year to 2025
2025-03-31 02:01:36,881 - root - INFO - Successfully clicked element: name=ESearch
2025-03-31 02:01:41,347 - root - INFO - Successfully clicked element: name=ERefer
2025-03-31 02:01:43,224 - root - INFO - Selected department value: 21
2025-03-31 02:01:43,278 - root - INFO - Set year to 2025
2025-03-31 02:01:44,671 - root - INFO - Successfully clicked element: name=ESearch
2025-03-31 02:01:49,121 - root - INFO - Successfully clicked element: name=ERefer
2025-03-31 02:01:51,053 - root - INFO - Selected department value: 21
2025-03-31 02:01:51,105 - root - INFO - Set year to 2025
2025-03-31 02:01:52,505 - root - INFO - Successfully clicked element: name=ESearch
2025-03-31 02:01:56,984 - root - INFO - Successfully clicked element: name=ERefer
2025-03-31 02:01:58,845 - root - INFO - Selected department value: 21
2025-03-31 02:01:58,900 - root - INFO - Set year to 2025
2025-03-31 02:02:00,313 - root - INFO - Successfully clicked element: name=ESearch
2025-03-31 02:02:03,575 - root - INFO - Successfully clicked element: name=ERefer
2025-03-31 02:02:05,441 - root - INFO - Selected department value: 21
2025-03-31 02:02:05,495 - root - INFO - Set year to 2025
2025-03-31 02:02:05,549 - root - INFO - Successfully clicked element: name=ESearch
2025-03-31 02:02:11,059 - root - WARNING - IndexError prevention: i % 100 = 74, but only 74 elements available. Breaking the loop.
